<?xml version='1.0'?>
<ns2:test-suite xmlns:ns2='urn:model.allure.qatools.yandex.ru' start='1607927212710' stop='1607927213281'>
    <name>Testing the Allocation Tool -- New Prospect</name>
    <title>Testing the Allocation Tool -- New Prospect</title>
    <test-cases>
        <test-case start='1607927212755' status='failed' stop='1607927212776'>
            <name> Checking the project filter is editable</name>
            <title> Checking the project filter is editable</title>
            <labels/>
            <parameters/>
            <steps/>
            <attachments/>
            <failure>
                <message>Failed: no such window: target window already closed
                from unknown error: web view not found
                  (Session info: chrome=87.0.4280.66)
                  (Driver info: chromedriver=87.0.4280.20 (c99e81631faa0b2a448e658c0dbd8311fb04ddbd-refs/branch-heads/4280@{#355}),platform=Linux 5.4.0-53-generic x86_64)</message>
                <stack-trace>NoSuchWindowError: no such window: target window already closed
                from unknown error: web view not found
                  (Session info: chrome=87.0.4280.66)
                  (Driver info: chromedriver=87.0.4280.20 (c99e81631faa0b2a448e658c0dbd8311fb04ddbd-refs/branch-heads/4280@{#355}),platform=Linux 5.4.0-53-generic x86_64)
                    at Object.checkLegacyResponse (/usr/local/share/.config/yarn/global/node_modules/selenium-webdriver/lib/error.js:546:15)
                    at parseHttpResponse (/usr/local/share/.config/yarn/global/node_modules/selenium-webdriver/lib/http.js:509:13)
                    at /usr/local/share/.config/yarn/global/node_modules/selenium-webdriver/lib/http.js:441:30
                    at processTicksAndRejections (internal/process/task_queues.js:93:5)
                From: Task: WebDriver.findElements(By(xpath, //div [@class='sidenav-hamburger']))
                    at Driver.schedule (/usr/local/share/.config/yarn/global/node_modules/selenium-webdriver/lib/webdriver.js:807:17)
                    at Driver.findElements (/usr/local/share/.config/yarn/global/node_modules/selenium-webdriver/lib/webdriver.js:1048:19)
                    at /usr/local/share/.config/yarn/global/node_modules/protractor/built/element.js:159:44
                    at ManagedPromise.invokeCallback_ (/usr/local/share/.config/yarn/global/node_modules/selenium-webdriver/lib/promise.js:1376:14)
                    at TaskQueue.execute_ (/usr/local/share/.config/yarn/global/node_modules/selenium-webdriver/lib/promise.js:3084:14)
                    at TaskQueue.executeNext_ (/usr/local/share/.config/yarn/global/node_modules/selenium-webdriver/lib/promise.js:3067:27)
                    at /usr/local/share/.config/yarn/global/node_modules/selenium-webdriver/lib/promise.js:2927:27
                    at /usr/local/share/.config/yarn/global/node_modules/selenium-webdriver/lib/promise.js:668:7Error
                    at ElementArrayFinder.applyAction_ (/usr/local/share/.config/yarn/global/node_modules/protractor/built/element.js:459:27)
                    at ElementArrayFinder.&lt;computed> [as click] (/usr/local/share/.config/yarn/global/node_modules/protractor/built/element.js:91:29)
                    at ElementFinder.&lt;computed> [as click] (/usr/local/share/.config/yarn/global/node_modules/protractor/built/element.js:831:22)
                    at click_submenu.clicksubmenu (/home/saurabh/Desktop/Saurabh/Way2Automation/Automation/pages/ClickSubmenuitem.js:5:57)
                    at UserContext.&lt;anonymous> (/home/saurabh/Desktop/Saurabh/Way2Automation/Automation/test_spec/Prospect_Module_spec.js:14:26)
                    at /usr/local/share/.config/yarn/global/node_modules/jasminewd2/index.js:112:25
                    at new ManagedPromise (/usr/local/share/.config/yarn/global/node_modules/selenium-webdriver/lib/promise.js:1077:7)
                    at ControlFlow.promise (/usr/local/share/.config/yarn/global/node_modules/selenium-webdriver/lib/promise.js:2505:12)
                    at schedulerExecute (/usr/local/share/.config/yarn/global/node_modules/jasminewd2/index.js:95:18)
                    at TaskQueue.execute_ (/usr/local/share/.config/yarn/global/node_modules/selenium-webdriver/lib/promise.js:3084:14)
                From: Task: Run beforeAll in control flow
                    at UserContext.&lt;anonymous> (/usr/local/share/.config/yarn/global/node_modules/jasminewd2/index.js:94:19)
                    at attempt (/usr/local/share/.config/yarn/global/node_modules/protractor/node_modules/jasmine-core/lib/jasmine-core/jasmine.js:4297:26)
                    at QueueRunner.run (/usr/local/share/.config/yarn/global/node_modules/protractor/node_modules/jasmine-core/lib/jasmine-core/jasmine.js:4217:20)
                    at QueueRunner.execute (/usr/local/share/.config/yarn/global/node_modules/protractor/node_modules/jasmine-core/lib/jasmine-core/jasmine.js:4199:10)
                    at queueRunnerFactory (/usr/local/share/.config/yarn/global/node_modules/protractor/node_modules/jasmine-core/lib/jasmine-core/jasmine.js:909:35)
                    at UserContext.fn (/usr/local/share/.config/yarn/global/node_modules/protractor/node_modules/jasmine-core/lib/jasmine-core/jasmine.js:5325:13)
                    at attempt (/usr/local/share/.config/yarn/global/node_modules/protractor/node_modules/jasmine-core/lib/jasmine-core/jasmine.js:4297:26)
                    at QueueRunner.run (/usr/local/share/.config/yarn/global/node_modules/protractor/node_modules/jasmine-core/lib/jasmine-core/jasmine.js:4217:20)
                    at runNext (/usr/local/share/.config/yarn/global/node_modules/protractor/node_modules/jasmine-core/lib/jasmine-core/jasmine.js:4257:20)
                    at /usr/local/share/.config/yarn/global/node_modules/protractor/node_modules/jasmine-core/lib/jasmine-core/jasmine.js:4264:13
                From asynchronous test: 
                Error
                    at Suite.&lt;anonymous> (/home/saurabh/Desktop/Saurabh/Way2Automation/Automation/test_spec/Prospect_Module_spec.js:13:5)
                    at addSpecsToSuite (/usr/local/share/.config/yarn/global/node_modules/protractor/node_modules/jasmine-core/lib/jasmine-core/jasmine.js:1107:25)
                    at Env.describe (/usr/local/share/.config/yarn/global/node_modules/protractor/node_modules/jasmine-core/lib/jasmine-core/jasmine.js:1074:7)
                    at describe (/usr/local/share/.config/yarn/global/node_modules/protractor/node_modules/jasmine-core/lib/jasmine-core/jasmine.js:4399:18)
                    at Object.&lt;anonymous> (/home/saurabh/Desktop/Saurabh/Way2Automation/Automation/test_spec/Prospect_Module_spec.js:11:1)
                    at Module._compile (internal/modules/cjs/loader.js:1063:30)
                    at Object.Module._extensions..js (internal/modules/cjs/loader.js:1092:10)
                    at Module.load (internal/modules/cjs/loader.js:928:32)
                    at Function.Module._load (internal/modules/cjs/loader.js:769:14)</stack-trace>
            </failure>
        </test-case>
        <test-case start='1607927212776' status='failed' stop='1607927212811'>
            <name> Checking the Status filter is clickable</name>
            <title> Checking the Status filter is clickable</title>
            <labels/>
            <parameters/>
            <steps/>
            <attachments/>
            <failure>
                <message>Failed: no such window: target window already closed
                from unknown error: web view not found
                  (Session info: chrome=87.0.4280.66)
                  (Driver info: chromedriver=87.0.4280.20 (c99e81631faa0b2a448e658c0dbd8311fb04ddbd-refs/branch-heads/4280@{#355}),platform=Linux 5.4.0-53-generic x86_64)</message>
                <stack-trace>NoSuchWindowError: no such window: target window already closed
                from unknown error: web view not found
                  (Session info: chrome=87.0.4280.66)
                  (Driver info: chromedriver=87.0.4280.20 (c99e81631faa0b2a448e658c0dbd8311fb04ddbd-refs/branch-heads/4280@{#355}),platform=Linux 5.4.0-53-generic x86_64)
                    at Object.checkLegacyResponse (/usr/local/share/.config/yarn/global/node_modules/selenium-webdriver/lib/error.js:546:15)
                    at parseHttpResponse (/usr/local/share/.config/yarn/global/node_modules/selenium-webdriver/lib/http.js:509:13)
                    at /usr/local/share/.config/yarn/global/node_modules/selenium-webdriver/lib/http.js:441:30
                    at processTicksAndRejections (internal/process/task_queues.js:93:5)
                From: Task: WebDriver.findElements(By(xpath, //div [@class='sidenav-hamburger']))
                    at Driver.schedule (/usr/local/share/.config/yarn/global/node_modules/selenium-webdriver/lib/webdriver.js:807:17)
                    at Driver.findElements (/usr/local/share/.config/yarn/global/node_modules/selenium-webdriver/lib/webdriver.js:1048:19)
                    at /usr/local/share/.config/yarn/global/node_modules/protractor/built/element.js:159:44
                    at ManagedPromise.invokeCallback_ (/usr/local/share/.config/yarn/global/node_modules/selenium-webdriver/lib/promise.js:1376:14)
                    at TaskQueue.execute_ (/usr/local/share/.config/yarn/global/node_modules/selenium-webdriver/lib/promise.js:3084:14)
                    at TaskQueue.executeNext_ (/usr/local/share/.config/yarn/global/node_modules/selenium-webdriver/lib/promise.js:3067:27)
                    at /usr/local/share/.config/yarn/global/node_modules/selenium-webdriver/lib/promise.js:2927:27
                    at /usr/local/share/.config/yarn/global/node_modules/selenium-webdriver/lib/promise.js:668:7Error
                    at ElementArrayFinder.applyAction_ (/usr/local/share/.config/yarn/global/node_modules/protractor/built/element.js:459:27)
                    at ElementArrayFinder.&lt;computed> [as click] (/usr/local/share/.config/yarn/global/node_modules/protractor/built/element.js:91:29)
                    at ElementFinder.&lt;computed> [as click] (/usr/local/share/.config/yarn/global/node_modules/protractor/built/element.js:831:22)
                    at click_submenu.clicksubmenu (/home/saurabh/Desktop/Saurabh/Way2Automation/Automation/pages/ClickSubmenuitem.js:5:57)
                    at UserContext.&lt;anonymous> (/home/saurabh/Desktop/Saurabh/Way2Automation/Automation/test_spec/Prospect_Module_spec.js:14:26)
                    at /usr/local/share/.config/yarn/global/node_modules/jasminewd2/index.js:112:25
                    at new ManagedPromise (/usr/local/share/.config/yarn/global/node_modules/selenium-webdriver/lib/promise.js:1077:7)
                    at ControlFlow.promise (/usr/local/share/.config/yarn/global/node_modules/selenium-webdriver/lib/promise.js:2505:12)
                    at schedulerExecute (/usr/local/share/.config/yarn/global/node_modules/jasminewd2/index.js:95:18)
                    at TaskQueue.execute_ (/usr/local/share/.config/yarn/global/node_modules/selenium-webdriver/lib/promise.js:3084:14)
                From: Task: Run beforeAll in control flow
                    at UserContext.&lt;anonymous> (/usr/local/share/.config/yarn/global/node_modules/jasminewd2/index.js:94:19)
                    at attempt (/usr/local/share/.config/yarn/global/node_modules/protractor/node_modules/jasmine-core/lib/jasmine-core/jasmine.js:4297:26)
                    at QueueRunner.run (/usr/local/share/.config/yarn/global/node_modules/protractor/node_modules/jasmine-core/lib/jasmine-core/jasmine.js:4217:20)
                    at QueueRunner.execute (/usr/local/share/.config/yarn/global/node_modules/protractor/node_modules/jasmine-core/lib/jasmine-core/jasmine.js:4199:10)
                    at queueRunnerFactory (/usr/local/share/.config/yarn/global/node_modules/protractor/node_modules/jasmine-core/lib/jasmine-core/jasmine.js:909:35)
                    at UserContext.fn (/usr/local/share/.config/yarn/global/node_modules/protractor/node_modules/jasmine-core/lib/jasmine-core/jasmine.js:5325:13)
                    at attempt (/usr/local/share/.config/yarn/global/node_modules/protractor/node_modules/jasmine-core/lib/jasmine-core/jasmine.js:4297:26)
                    at QueueRunner.run (/usr/local/share/.config/yarn/global/node_modules/protractor/node_modules/jasmine-core/lib/jasmine-core/jasmine.js:4217:20)
                    at runNext (/usr/local/share/.config/yarn/global/node_modules/protractor/node_modules/jasmine-core/lib/jasmine-core/jasmine.js:4257:20)
                    at /usr/local/share/.config/yarn/global/node_modules/protractor/node_modules/jasmine-core/lib/jasmine-core/jasmine.js:4264:13
                From asynchronous test: 
                Error
                    at Suite.&lt;anonymous> (/home/saurabh/Desktop/Saurabh/Way2Automation/Automation/test_spec/Prospect_Module_spec.js:13:5)
                    at addSpecsToSuite (/usr/local/share/.config/yarn/global/node_modules/protractor/node_modules/jasmine-core/lib/jasmine-core/jasmine.js:1107:25)
                    at Env.describe (/usr/local/share/.config/yarn/global/node_modules/protractor/node_modules/jasmine-core/lib/jasmine-core/jasmine.js:1074:7)
                    at describe (/usr/local/share/.config/yarn/global/node_modules/protractor/node_modules/jasmine-core/lib/jasmine-core/jasmine.js:4399:18)
                    at Object.&lt;anonymous> (/home/saurabh/Desktop/Saurabh/Way2Automation/Automation/test_spec/Prospect_Module_spec.js:11:1)
                    at Module._compile (internal/modules/cjs/loader.js:1063:30)
                    at Object.Module._extensions..js (internal/modules/cjs/loader.js:1092:10)
                    at Module.load (internal/modules/cjs/loader.js:928:32)
                    at Function.Module._load (internal/modules/cjs/loader.js:769:14)</stack-trace>
            </failure>
        </test-case>
        <test-case start='1607927212811' status='failed' stop='1607927212861'>
            <name> Calculate number of values of Status Filter </name>
            <title> Calculate number of values of Status Filter </title>
            <labels/>
            <parameters/>
            <steps/>
            <attachments/>
            <failure>
                <message>Failed: no such window: target window already closed
                from unknown error: web view not found
                  (Session info: chrome=87.0.4280.66)
                  (Driver info: chromedriver=87.0.4280.20 (c99e81631faa0b2a448e658c0dbd8311fb04ddbd-refs/branch-heads/4280@{#355}),platform=Linux 5.4.0-53-generic x86_64)</message>
                <stack-trace>NoSuchWindowError: no such window: target window already closed
                from unknown error: web view not found
                  (Session info: chrome=87.0.4280.66)
                  (Driver info: chromedriver=87.0.4280.20 (c99e81631faa0b2a448e658c0dbd8311fb04ddbd-refs/branch-heads/4280@{#355}),platform=Linux 5.4.0-53-generic x86_64)
                    at Object.checkLegacyResponse (/usr/local/share/.config/yarn/global/node_modules/selenium-webdriver/lib/error.js:546:15)
                    at parseHttpResponse (/usr/local/share/.config/yarn/global/node_modules/selenium-webdriver/lib/http.js:509:13)
                    at /usr/local/share/.config/yarn/global/node_modules/selenium-webdriver/lib/http.js:441:30
                    at processTicksAndRejections (internal/process/task_queues.js:93:5)
                From: Task: WebDriver.findElements(By(xpath, //div [@class='sidenav-hamburger']))
                    at Driver.schedule (/usr/local/share/.config/yarn/global/node_modules/selenium-webdriver/lib/webdriver.js:807:17)
                    at Driver.findElements (/usr/local/share/.config/yarn/global/node_modules/selenium-webdriver/lib/webdriver.js:1048:19)
                    at /usr/local/share/.config/yarn/global/node_modules/protractor/built/element.js:159:44
                    at ManagedPromise.invokeCallback_ (/usr/local/share/.config/yarn/global/node_modules/selenium-webdriver/lib/promise.js:1376:14)
                    at TaskQueue.execute_ (/usr/local/share/.config/yarn/global/node_modules/selenium-webdriver/lib/promise.js:3084:14)
                    at TaskQueue.executeNext_ (/usr/local/share/.config/yarn/global/node_modules/selenium-webdriver/lib/promise.js:3067:27)
                    at /usr/local/share/.config/yarn/global/node_modules/selenium-webdriver/lib/promise.js:2927:27
                    at /usr/local/share/.config/yarn/global/node_modules/selenium-webdriver/lib/promise.js:668:7Error
                    at ElementArrayFinder.applyAction_ (/usr/local/share/.config/yarn/global/node_modules/protractor/built/element.js:459:27)
                    at ElementArrayFinder.&lt;computed> [as click] (/usr/local/share/.config/yarn/global/node_modules/protractor/built/element.js:91:29)
                    at ElementFinder.&lt;computed> [as click] (/usr/local/share/.config/yarn/global/node_modules/protractor/built/element.js:831:22)
                    at click_submenu.clicksubmenu (/home/saurabh/Desktop/Saurabh/Way2Automation/Automation/pages/ClickSubmenuitem.js:5:57)
                    at UserContext.&lt;anonymous> (/home/saurabh/Desktop/Saurabh/Way2Automation/Automation/test_spec/Prospect_Module_spec.js:14:26)
                    at /usr/local/share/.config/yarn/global/node_modules/jasminewd2/index.js:112:25
                    at new ManagedPromise (/usr/local/share/.config/yarn/global/node_modules/selenium-webdriver/lib/promise.js:1077:7)
                    at ControlFlow.promise (/usr/local/share/.config/yarn/global/node_modules/selenium-webdriver/lib/promise.js:2505:12)
                    at schedulerExecute (/usr/local/share/.config/yarn/global/node_modules/jasminewd2/index.js:95:18)
                    at TaskQueue.execute_ (/usr/local/share/.config/yarn/global/node_modules/selenium-webdriver/lib/promise.js:3084:14)
                From: Task: Run beforeAll in control flow
                    at UserContext.&lt;anonymous> (/usr/local/share/.config/yarn/global/node_modules/jasminewd2/index.js:94:19)
                    at attempt (/usr/local/share/.config/yarn/global/node_modules/protractor/node_modules/jasmine-core/lib/jasmine-core/jasmine.js:4297:26)
                    at QueueRunner.run (/usr/local/share/.config/yarn/global/node_modules/protractor/node_modules/jasmine-core/lib/jasmine-core/jasmine.js:4217:20)
                    at QueueRunner.execute (/usr/local/share/.config/yarn/global/node_modules/protractor/node_modules/jasmine-core/lib/jasmine-core/jasmine.js:4199:10)
                    at queueRunnerFactory (/usr/local/share/.config/yarn/global/node_modules/protractor/node_modules/jasmine-core/lib/jasmine-core/jasmine.js:909:35)
                    at UserContext.fn (/usr/local/share/.config/yarn/global/node_modules/protractor/node_modules/jasmine-core/lib/jasmine-core/jasmine.js:5325:13)
                    at attempt (/usr/local/share/.config/yarn/global/node_modules/protractor/node_modules/jasmine-core/lib/jasmine-core/jasmine.js:4297:26)
                    at QueueRunner.run (/usr/local/share/.config/yarn/global/node_modules/protractor/node_modules/jasmine-core/lib/jasmine-core/jasmine.js:4217:20)
                    at runNext (/usr/local/share/.config/yarn/global/node_modules/protractor/node_modules/jasmine-core/lib/jasmine-core/jasmine.js:4257:20)
                    at /usr/local/share/.config/yarn/global/node_modules/protractor/node_modules/jasmine-core/lib/jasmine-core/jasmine.js:4264:13
                From asynchronous test: 
                Error
                    at Suite.&lt;anonymous> (/home/saurabh/Desktop/Saurabh/Way2Automation/Automation/test_spec/Prospect_Module_spec.js:13:5)
                    at addSpecsToSuite (/usr/local/share/.config/yarn/global/node_modules/protractor/node_modules/jasmine-core/lib/jasmine-core/jasmine.js:1107:25)
                    at Env.describe (/usr/local/share/.config/yarn/global/node_modules/protractor/node_modules/jasmine-core/lib/jasmine-core/jasmine.js:1074:7)
                    at describe (/usr/local/share/.config/yarn/global/node_modules/protractor/node_modules/jasmine-core/lib/jasmine-core/jasmine.js:4399:18)
                    at Object.&lt;anonymous> (/home/saurabh/Desktop/Saurabh/Way2Automation/Automation/test_spec/Prospect_Module_spec.js:11:1)
                    at Module._compile (internal/modules/cjs/loader.js:1063:30)
                    at Object.Module._extensions..js (internal/modules/cjs/loader.js:1092:10)
                    at Module.load (internal/modules/cjs/loader.js:928:32)
                    at Function.Module._load (internal/modules/cjs/loader.js:769:14)</stack-trace>
            </failure>
        </test-case>
        <test-case start='1607927212861' status='failed' stop='1607927212899'>
            <name> Checking the  Group filter is clickable</name>
            <title> Checking the  Group filter is clickable</title>
            <labels/>
            <parameters/>
            <steps/>
            <attachments/>
            <failure>
                <message>Failed: no such window: target window already closed
                from unknown error: web view not found
                  (Session info: chrome=87.0.4280.66)
                  (Driver info: chromedriver=87.0.4280.20 (c99e81631faa0b2a448e658c0dbd8311fb04ddbd-refs/branch-heads/4280@{#355}),platform=Linux 5.4.0-53-generic x86_64)</message>
                <stack-trace>NoSuchWindowError: no such window: target window already closed
                from unknown error: web view not found
                  (Session info: chrome=87.0.4280.66)
                  (Driver info: chromedriver=87.0.4280.20 (c99e81631faa0b2a448e658c0dbd8311fb04ddbd-refs/branch-heads/4280@{#355}),platform=Linux 5.4.0-53-generic x86_64)
                    at Object.checkLegacyResponse (/usr/local/share/.config/yarn/global/node_modules/selenium-webdriver/lib/error.js:546:15)
                    at parseHttpResponse (/usr/local/share/.config/yarn/global/node_modules/selenium-webdriver/lib/http.js:509:13)
                    at /usr/local/share/.config/yarn/global/node_modules/selenium-webdriver/lib/http.js:441:30
                    at processTicksAndRejections (internal/process/task_queues.js:93:5)
                From: Task: WebDriver.findElements(By(xpath, //div [@class='sidenav-hamburger']))
                    at Driver.schedule (/usr/local/share/.config/yarn/global/node_modules/selenium-webdriver/lib/webdriver.js:807:17)
                    at Driver.findElements (/usr/local/share/.config/yarn/global/node_modules/selenium-webdriver/lib/webdriver.js:1048:19)
                    at /usr/local/share/.config/yarn/global/node_modules/protractor/built/element.js:159:44
                    at ManagedPromise.invokeCallback_ (/usr/local/share/.config/yarn/global/node_modules/selenium-webdriver/lib/promise.js:1376:14)
                    at TaskQueue.execute_ (/usr/local/share/.config/yarn/global/node_modules/selenium-webdriver/lib/promise.js:3084:14)
                    at TaskQueue.executeNext_ (/usr/local/share/.config/yarn/global/node_modules/selenium-webdriver/lib/promise.js:3067:27)
                    at /usr/local/share/.config/yarn/global/node_modules/selenium-webdriver/lib/promise.js:2927:27
                    at /usr/local/share/.config/yarn/global/node_modules/selenium-webdriver/lib/promise.js:668:7Error
                    at ElementArrayFinder.applyAction_ (/usr/local/share/.config/yarn/global/node_modules/protractor/built/element.js:459:27)
                    at ElementArrayFinder.&lt;computed> [as click] (/usr/local/share/.config/yarn/global/node_modules/protractor/built/element.js:91:29)
                    at ElementFinder.&lt;computed> [as click] (/usr/local/share/.config/yarn/global/node_modules/protractor/built/element.js:831:22)
                    at click_submenu.clicksubmenu (/home/saurabh/Desktop/Saurabh/Way2Automation/Automation/pages/ClickSubmenuitem.js:5:57)
                    at UserContext.&lt;anonymous> (/home/saurabh/Desktop/Saurabh/Way2Automation/Automation/test_spec/Prospect_Module_spec.js:14:26)
                    at /usr/local/share/.config/yarn/global/node_modules/jasminewd2/index.js:112:25
                    at new ManagedPromise (/usr/local/share/.config/yarn/global/node_modules/selenium-webdriver/lib/promise.js:1077:7)
                    at ControlFlow.promise (/usr/local/share/.config/yarn/global/node_modules/selenium-webdriver/lib/promise.js:2505:12)
                    at schedulerExecute (/usr/local/share/.config/yarn/global/node_modules/jasminewd2/index.js:95:18)
                    at TaskQueue.execute_ (/usr/local/share/.config/yarn/global/node_modules/selenium-webdriver/lib/promise.js:3084:14)
                From: Task: Run beforeAll in control flow
                    at UserContext.&lt;anonymous> (/usr/local/share/.config/yarn/global/node_modules/jasminewd2/index.js:94:19)
                    at attempt (/usr/local/share/.config/yarn/global/node_modules/protractor/node_modules/jasmine-core/lib/jasmine-core/jasmine.js:4297:26)
                    at QueueRunner.run (/usr/local/share/.config/yarn/global/node_modules/protractor/node_modules/jasmine-core/lib/jasmine-core/jasmine.js:4217:20)
                    at QueueRunner.execute (/usr/local/share/.config/yarn/global/node_modules/protractor/node_modules/jasmine-core/lib/jasmine-core/jasmine.js:4199:10)
                    at queueRunnerFactory (/usr/local/share/.config/yarn/global/node_modules/protractor/node_modules/jasmine-core/lib/jasmine-core/jasmine.js:909:35)
                    at UserContext.fn (/usr/local/share/.config/yarn/global/node_modules/protractor/node_modules/jasmine-core/lib/jasmine-core/jasmine.js:5325:13)
                    at attempt (/usr/local/share/.config/yarn/global/node_modules/protractor/node_modules/jasmine-core/lib/jasmine-core/jasmine.js:4297:26)
                    at QueueRunner.run (/usr/local/share/.config/yarn/global/node_modules/protractor/node_modules/jasmine-core/lib/jasmine-core/jasmine.js:4217:20)
                    at runNext (/usr/local/share/.config/yarn/global/node_modules/protractor/node_modules/jasmine-core/lib/jasmine-core/jasmine.js:4257:20)
                    at /usr/local/share/.config/yarn/global/node_modules/protractor/node_modules/jasmine-core/lib/jasmine-core/jasmine.js:4264:13
                From asynchronous test: 
                Error
                    at Suite.&lt;anonymous> (/home/saurabh/Desktop/Saurabh/Way2Automation/Automation/test_spec/Prospect_Module_spec.js:13:5)
                    at addSpecsToSuite (/usr/local/share/.config/yarn/global/node_modules/protractor/node_modules/jasmine-core/lib/jasmine-core/jasmine.js:1107:25)
                    at Env.describe (/usr/local/share/.config/yarn/global/node_modules/protractor/node_modules/jasmine-core/lib/jasmine-core/jasmine.js:1074:7)
                    at describe (/usr/local/share/.config/yarn/global/node_modules/protractor/node_modules/jasmine-core/lib/jasmine-core/jasmine.js:4399:18)
                    at Object.&lt;anonymous> (/home/saurabh/Desktop/Saurabh/Way2Automation/Automation/test_spec/Prospect_Module_spec.js:11:1)
                    at Module._compile (internal/modules/cjs/loader.js:1063:30)
                    at Object.Module._extensions..js (internal/modules/cjs/loader.js:1092:10)
                    at Module.load (internal/modules/cjs/loader.js:928:32)
                    at Function.Module._load (internal/modules/cjs/loader.js:769:14)</stack-trace>
            </failure>
        </test-case>
        <test-case start='1607927212900' status='failed' stop='1607927212934'>
            <name> Calculate number of values of group Filter </name>
            <title> Calculate number of values of group Filter </title>
            <labels/>
            <parameters/>
            <steps/>
            <attachments/>
            <failure>
                <message>Failed: no such window: target window already closed
                from unknown error: web view not found
                  (Session info: chrome=87.0.4280.66)
                  (Driver info: chromedriver=87.0.4280.20 (c99e81631faa0b2a448e658c0dbd8311fb04ddbd-refs/branch-heads/4280@{#355}),platform=Linux 5.4.0-53-generic x86_64)</message>
                <stack-trace>NoSuchWindowError: no such window: target window already closed
                from unknown error: web view not found
                  (Session info: chrome=87.0.4280.66)
                  (Driver info: chromedriver=87.0.4280.20 (c99e81631faa0b2a448e658c0dbd8311fb04ddbd-refs/branch-heads/4280@{#355}),platform=Linux 5.4.0-53-generic x86_64)
                    at Object.checkLegacyResponse (/usr/local/share/.config/yarn/global/node_modules/selenium-webdriver/lib/error.js:546:15)
                    at parseHttpResponse (/usr/local/share/.config/yarn/global/node_modules/selenium-webdriver/lib/http.js:509:13)
                    at /usr/local/share/.config/yarn/global/node_modules/selenium-webdriver/lib/http.js:441:30
                    at processTicksAndRejections (internal/process/task_queues.js:93:5)
                From: Task: WebDriver.findElements(By(xpath, //div [@class='sidenav-hamburger']))
                    at Driver.schedule (/usr/local/share/.config/yarn/global/node_modules/selenium-webdriver/lib/webdriver.js:807:17)
                    at Driver.findElements (/usr/local/share/.config/yarn/global/node_modules/selenium-webdriver/lib/webdriver.js:1048:19)
                    at /usr/local/share/.config/yarn/global/node_modules/protractor/built/element.js:159:44
                    at ManagedPromise.invokeCallback_ (/usr/local/share/.config/yarn/global/node_modules/selenium-webdriver/lib/promise.js:1376:14)
                    at TaskQueue.execute_ (/usr/local/share/.config/yarn/global/node_modules/selenium-webdriver/lib/promise.js:3084:14)
                    at TaskQueue.executeNext_ (/usr/local/share/.config/yarn/global/node_modules/selenium-webdriver/lib/promise.js:3067:27)
                    at /usr/local/share/.config/yarn/global/node_modules/selenium-webdriver/lib/promise.js:2927:27
                    at /usr/local/share/.config/yarn/global/node_modules/selenium-webdriver/lib/promise.js:668:7Error
                    at ElementArrayFinder.applyAction_ (/usr/local/share/.config/yarn/global/node_modules/protractor/built/element.js:459:27)
                    at ElementArrayFinder.&lt;computed> [as click] (/usr/local/share/.config/yarn/global/node_modules/protractor/built/element.js:91:29)
                    at ElementFinder.&lt;computed> [as click] (/usr/local/share/.config/yarn/global/node_modules/protractor/built/element.js:831:22)
                    at click_submenu.clicksubmenu (/home/saurabh/Desktop/Saurabh/Way2Automation/Automation/pages/ClickSubmenuitem.js:5:57)
                    at UserContext.&lt;anonymous> (/home/saurabh/Desktop/Saurabh/Way2Automation/Automation/test_spec/Prospect_Module_spec.js:14:26)
                    at /usr/local/share/.config/yarn/global/node_modules/jasminewd2/index.js:112:25
                    at new ManagedPromise (/usr/local/share/.config/yarn/global/node_modules/selenium-webdriver/lib/promise.js:1077:7)
                    at ControlFlow.promise (/usr/local/share/.config/yarn/global/node_modules/selenium-webdriver/lib/promise.js:2505:12)
                    at schedulerExecute (/usr/local/share/.config/yarn/global/node_modules/jasminewd2/index.js:95:18)
                    at TaskQueue.execute_ (/usr/local/share/.config/yarn/global/node_modules/selenium-webdriver/lib/promise.js:3084:14)
                From: Task: Run beforeAll in control flow
                    at UserContext.&lt;anonymous> (/usr/local/share/.config/yarn/global/node_modules/jasminewd2/index.js:94:19)
                    at attempt (/usr/local/share/.config/yarn/global/node_modules/protractor/node_modules/jasmine-core/lib/jasmine-core/jasmine.js:4297:26)
                    at QueueRunner.run (/usr/local/share/.config/yarn/global/node_modules/protractor/node_modules/jasmine-core/lib/jasmine-core/jasmine.js:4217:20)
                    at QueueRunner.execute (/usr/local/share/.config/yarn/global/node_modules/protractor/node_modules/jasmine-core/lib/jasmine-core/jasmine.js:4199:10)
                    at queueRunnerFactory (/usr/local/share/.config/yarn/global/node_modules/protractor/node_modules/jasmine-core/lib/jasmine-core/jasmine.js:909:35)
                    at UserContext.fn (/usr/local/share/.config/yarn/global/node_modules/protractor/node_modules/jasmine-core/lib/jasmine-core/jasmine.js:5325:13)
                    at attempt (/usr/local/share/.config/yarn/global/node_modules/protractor/node_modules/jasmine-core/lib/jasmine-core/jasmine.js:4297:26)
                    at QueueRunner.run (/usr/local/share/.config/yarn/global/node_modules/protractor/node_modules/jasmine-core/lib/jasmine-core/jasmine.js:4217:20)
                    at runNext (/usr/local/share/.config/yarn/global/node_modules/protractor/node_modules/jasmine-core/lib/jasmine-core/jasmine.js:4257:20)
                    at /usr/local/share/.config/yarn/global/node_modules/protractor/node_modules/jasmine-core/lib/jasmine-core/jasmine.js:4264:13
                From asynchronous test: 
                Error
                    at Suite.&lt;anonymous> (/home/saurabh/Desktop/Saurabh/Way2Automation/Automation/test_spec/Prospect_Module_spec.js:13:5)
                    at addSpecsToSuite (/usr/local/share/.config/yarn/global/node_modules/protractor/node_modules/jasmine-core/lib/jasmine-core/jasmine.js:1107:25)
                    at Env.describe (/usr/local/share/.config/yarn/global/node_modules/protractor/node_modules/jasmine-core/lib/jasmine-core/jasmine.js:1074:7)
                    at describe (/usr/local/share/.config/yarn/global/node_modules/protractor/node_modules/jasmine-core/lib/jasmine-core/jasmine.js:4399:18)
                    at Object.&lt;anonymous> (/home/saurabh/Desktop/Saurabh/Way2Automation/Automation/test_spec/Prospect_Module_spec.js:11:1)
                    at Module._compile (internal/modules/cjs/loader.js:1063:30)
                    at Object.Module._extensions..js (internal/modules/cjs/loader.js:1092:10)
                    at Module.load (internal/modules/cjs/loader.js:928:32)
                    at Function.Module._load (internal/modules/cjs/loader.js:769:14)</stack-trace>
            </failure>
        </test-case>
        <test-case start='1607927212935' status='failed' stop='1607927212981'>
            <name> Checking the  hiring status is clickable</name>
            <title> Checking the  hiring status is clickable</title>
            <labels/>
            <parameters/>
            <steps/>
            <attachments/>
            <failure>
                <message>Failed: no such window: target window already closed
                from unknown error: web view not found
                  (Session info: chrome=87.0.4280.66)
                  (Driver info: chromedriver=87.0.4280.20 (c99e81631faa0b2a448e658c0dbd8311fb04ddbd-refs/branch-heads/4280@{#355}),platform=Linux 5.4.0-53-generic x86_64)</message>
                <stack-trace>NoSuchWindowError: no such window: target window already closed
                from unknown error: web view not found
                  (Session info: chrome=87.0.4280.66)
                  (Driver info: chromedriver=87.0.4280.20 (c99e81631faa0b2a448e658c0dbd8311fb04ddbd-refs/branch-heads/4280@{#355}),platform=Linux 5.4.0-53-generic x86_64)
                    at Object.checkLegacyResponse (/usr/local/share/.config/yarn/global/node_modules/selenium-webdriver/lib/error.js:546:15)
                    at parseHttpResponse (/usr/local/share/.config/yarn/global/node_modules/selenium-webdriver/lib/http.js:509:13)
                    at /usr/local/share/.config/yarn/global/node_modules/selenium-webdriver/lib/http.js:441:30
                    at processTicksAndRejections (internal/process/task_queues.js:93:5)
                From: Task: WebDriver.findElements(By(xpath, //div [@class='sidenav-hamburger']))
                    at Driver.schedule (/usr/local/share/.config/yarn/global/node_modules/selenium-webdriver/lib/webdriver.js:807:17)
                    at Driver.findElements (/usr/local/share/.config/yarn/global/node_modules/selenium-webdriver/lib/webdriver.js:1048:19)
                    at /usr/local/share/.config/yarn/global/node_modules/protractor/built/element.js:159:44
                    at ManagedPromise.invokeCallback_ (/usr/local/share/.config/yarn/global/node_modules/selenium-webdriver/lib/promise.js:1376:14)
                    at TaskQueue.execute_ (/usr/local/share/.config/yarn/global/node_modules/selenium-webdriver/lib/promise.js:3084:14)
                    at TaskQueue.executeNext_ (/usr/local/share/.config/yarn/global/node_modules/selenium-webdriver/lib/promise.js:3067:27)
                    at /usr/local/share/.config/yarn/global/node_modules/selenium-webdriver/lib/promise.js:2927:27
                    at /usr/local/share/.config/yarn/global/node_modules/selenium-webdriver/lib/promise.js:668:7Error
                    at ElementArrayFinder.applyAction_ (/usr/local/share/.config/yarn/global/node_modules/protractor/built/element.js:459:27)
                    at ElementArrayFinder.&lt;computed> [as click] (/usr/local/share/.config/yarn/global/node_modules/protractor/built/element.js:91:29)
                    at ElementFinder.&lt;computed> [as click] (/usr/local/share/.config/yarn/global/node_modules/protractor/built/element.js:831:22)
                    at click_submenu.clicksubmenu (/home/saurabh/Desktop/Saurabh/Way2Automation/Automation/pages/ClickSubmenuitem.js:5:57)
                    at UserContext.&lt;anonymous> (/home/saurabh/Desktop/Saurabh/Way2Automation/Automation/test_spec/Prospect_Module_spec.js:14:26)
                    at /usr/local/share/.config/yarn/global/node_modules/jasminewd2/index.js:112:25
                    at new ManagedPromise (/usr/local/share/.config/yarn/global/node_modules/selenium-webdriver/lib/promise.js:1077:7)
                    at ControlFlow.promise (/usr/local/share/.config/yarn/global/node_modules/selenium-webdriver/lib/promise.js:2505:12)
                    at schedulerExecute (/usr/local/share/.config/yarn/global/node_modules/jasminewd2/index.js:95:18)
                    at TaskQueue.execute_ (/usr/local/share/.config/yarn/global/node_modules/selenium-webdriver/lib/promise.js:3084:14)
                From: Task: Run beforeAll in control flow
                    at UserContext.&lt;anonymous> (/usr/local/share/.config/yarn/global/node_modules/jasminewd2/index.js:94:19)
                    at attempt (/usr/local/share/.config/yarn/global/node_modules/protractor/node_modules/jasmine-core/lib/jasmine-core/jasmine.js:4297:26)
                    at QueueRunner.run (/usr/local/share/.config/yarn/global/node_modules/protractor/node_modules/jasmine-core/lib/jasmine-core/jasmine.js:4217:20)
                    at QueueRunner.execute (/usr/local/share/.config/yarn/global/node_modules/protractor/node_modules/jasmine-core/lib/jasmine-core/jasmine.js:4199:10)
                    at queueRunnerFactory (/usr/local/share/.config/yarn/global/node_modules/protractor/node_modules/jasmine-core/lib/jasmine-core/jasmine.js:909:35)
                    at UserContext.fn (/usr/local/share/.config/yarn/global/node_modules/protractor/node_modules/jasmine-core/lib/jasmine-core/jasmine.js:5325:13)
                    at attempt (/usr/local/share/.config/yarn/global/node_modules/protractor/node_modules/jasmine-core/lib/jasmine-core/jasmine.js:4297:26)
                    at QueueRunner.run (/usr/local/share/.config/yarn/global/node_modules/protractor/node_modules/jasmine-core/lib/jasmine-core/jasmine.js:4217:20)
                    at runNext (/usr/local/share/.config/yarn/global/node_modules/protractor/node_modules/jasmine-core/lib/jasmine-core/jasmine.js:4257:20)
                    at /usr/local/share/.config/yarn/global/node_modules/protractor/node_modules/jasmine-core/lib/jasmine-core/jasmine.js:4264:13
                From asynchronous test: 
                Error
                    at Suite.&lt;anonymous> (/home/saurabh/Desktop/Saurabh/Way2Automation/Automation/test_spec/Prospect_Module_spec.js:13:5)
                    at addSpecsToSuite (/usr/local/share/.config/yarn/global/node_modules/protractor/node_modules/jasmine-core/lib/jasmine-core/jasmine.js:1107:25)
                    at Env.describe (/usr/local/share/.config/yarn/global/node_modules/protractor/node_modules/jasmine-core/lib/jasmine-core/jasmine.js:1074:7)
                    at describe (/usr/local/share/.config/yarn/global/node_modules/protractor/node_modules/jasmine-core/lib/jasmine-core/jasmine.js:4399:18)
                    at Object.&lt;anonymous> (/home/saurabh/Desktop/Saurabh/Way2Automation/Automation/test_spec/Prospect_Module_spec.js:11:1)
                    at Module._compile (internal/modules/cjs/loader.js:1063:30)
                    at Object.Module._extensions..js (internal/modules/cjs/loader.js:1092:10)
                    at Module.load (internal/modules/cjs/loader.js:928:32)
                    at Function.Module._load (internal/modules/cjs/loader.js:769:14)</stack-trace>
            </failure>
        </test-case>
        <test-case start='1607927212981' status='failed' stop='1607927213028'>
            <name> Calculate number of values of hiring status Filter </name>
            <title> Calculate number of values of hiring status Filter </title>
            <labels/>
            <parameters/>
            <steps/>
            <attachments/>
            <failure>
                <message>Failed: no such window: target window already closed
                from unknown error: web view not found
                  (Session info: chrome=87.0.4280.66)
                  (Driver info: chromedriver=87.0.4280.20 (c99e81631faa0b2a448e658c0dbd8311fb04ddbd-refs/branch-heads/4280@{#355}),platform=Linux 5.4.0-53-generic x86_64)</message>
                <stack-trace>NoSuchWindowError: no such window: target window already closed
                from unknown error: web view not found
                  (Session info: chrome=87.0.4280.66)
                  (Driver info: chromedriver=87.0.4280.20 (c99e81631faa0b2a448e658c0dbd8311fb04ddbd-refs/branch-heads/4280@{#355}),platform=Linux 5.4.0-53-generic x86_64)
                    at Object.checkLegacyResponse (/usr/local/share/.config/yarn/global/node_modules/selenium-webdriver/lib/error.js:546:15)
                    at parseHttpResponse (/usr/local/share/.config/yarn/global/node_modules/selenium-webdriver/lib/http.js:509:13)
                    at /usr/local/share/.config/yarn/global/node_modules/selenium-webdriver/lib/http.js:441:30
                    at processTicksAndRejections (internal/process/task_queues.js:93:5)
                From: Task: WebDriver.findElements(By(xpath, //div [@class='sidenav-hamburger']))
                    at Driver.schedule (/usr/local/share/.config/yarn/global/node_modules/selenium-webdriver/lib/webdriver.js:807:17)
                    at Driver.findElements (/usr/local/share/.config/yarn/global/node_modules/selenium-webdriver/lib/webdriver.js:1048:19)
                    at /usr/local/share/.config/yarn/global/node_modules/protractor/built/element.js:159:44
                    at ManagedPromise.invokeCallback_ (/usr/local/share/.config/yarn/global/node_modules/selenium-webdriver/lib/promise.js:1376:14)
                    at TaskQueue.execute_ (/usr/local/share/.config/yarn/global/node_modules/selenium-webdriver/lib/promise.js:3084:14)
                    at TaskQueue.executeNext_ (/usr/local/share/.config/yarn/global/node_modules/selenium-webdriver/lib/promise.js:3067:27)
                    at /usr/local/share/.config/yarn/global/node_modules/selenium-webdriver/lib/promise.js:2927:27
                    at /usr/local/share/.config/yarn/global/node_modules/selenium-webdriver/lib/promise.js:668:7Error
                    at ElementArrayFinder.applyAction_ (/usr/local/share/.config/yarn/global/node_modules/protractor/built/element.js:459:27)
                    at ElementArrayFinder.&lt;computed> [as click] (/usr/local/share/.config/yarn/global/node_modules/protractor/built/element.js:91:29)
                    at ElementFinder.&lt;computed> [as click] (/usr/local/share/.config/yarn/global/node_modules/protractor/built/element.js:831:22)
                    at click_submenu.clicksubmenu (/home/saurabh/Desktop/Saurabh/Way2Automation/Automation/pages/ClickSubmenuitem.js:5:57)
                    at UserContext.&lt;anonymous> (/home/saurabh/Desktop/Saurabh/Way2Automation/Automation/test_spec/Prospect_Module_spec.js:14:26)
                    at /usr/local/share/.config/yarn/global/node_modules/jasminewd2/index.js:112:25
                    at new ManagedPromise (/usr/local/share/.config/yarn/global/node_modules/selenium-webdriver/lib/promise.js:1077:7)
                    at ControlFlow.promise (/usr/local/share/.config/yarn/global/node_modules/selenium-webdriver/lib/promise.js:2505:12)
                    at schedulerExecute (/usr/local/share/.config/yarn/global/node_modules/jasminewd2/index.js:95:18)
                    at TaskQueue.execute_ (/usr/local/share/.config/yarn/global/node_modules/selenium-webdriver/lib/promise.js:3084:14)
                From: Task: Run beforeAll in control flow
                    at UserContext.&lt;anonymous> (/usr/local/share/.config/yarn/global/node_modules/jasminewd2/index.js:94:19)
                    at attempt (/usr/local/share/.config/yarn/global/node_modules/protractor/node_modules/jasmine-core/lib/jasmine-core/jasmine.js:4297:26)
                    at QueueRunner.run (/usr/local/share/.config/yarn/global/node_modules/protractor/node_modules/jasmine-core/lib/jasmine-core/jasmine.js:4217:20)
                    at QueueRunner.execute (/usr/local/share/.config/yarn/global/node_modules/protractor/node_modules/jasmine-core/lib/jasmine-core/jasmine.js:4199:10)
                    at queueRunnerFactory (/usr/local/share/.config/yarn/global/node_modules/protractor/node_modules/jasmine-core/lib/jasmine-core/jasmine.js:909:35)
                    at UserContext.fn (/usr/local/share/.config/yarn/global/node_modules/protractor/node_modules/jasmine-core/lib/jasmine-core/jasmine.js:5325:13)
                    at attempt (/usr/local/share/.config/yarn/global/node_modules/protractor/node_modules/jasmine-core/lib/jasmine-core/jasmine.js:4297:26)
                    at QueueRunner.run (/usr/local/share/.config/yarn/global/node_modules/protractor/node_modules/jasmine-core/lib/jasmine-core/jasmine.js:4217:20)
                    at runNext (/usr/local/share/.config/yarn/global/node_modules/protractor/node_modules/jasmine-core/lib/jasmine-core/jasmine.js:4257:20)
                    at /usr/local/share/.config/yarn/global/node_modules/protractor/node_modules/jasmine-core/lib/jasmine-core/jasmine.js:4264:13
                From asynchronous test: 
                Error
                    at Suite.&lt;anonymous> (/home/saurabh/Desktop/Saurabh/Way2Automation/Automation/test_spec/Prospect_Module_spec.js:13:5)
                    at addSpecsToSuite (/usr/local/share/.config/yarn/global/node_modules/protractor/node_modules/jasmine-core/lib/jasmine-core/jasmine.js:1107:25)
                    at Env.describe (/usr/local/share/.config/yarn/global/node_modules/protractor/node_modules/jasmine-core/lib/jasmine-core/jasmine.js:1074:7)
                    at describe (/usr/local/share/.config/yarn/global/node_modules/protractor/node_modules/jasmine-core/lib/jasmine-core/jasmine.js:4399:18)
                    at Object.&lt;anonymous> (/home/saurabh/Desktop/Saurabh/Way2Automation/Automation/test_spec/Prospect_Module_spec.js:11:1)
                    at Module._compile (internal/modules/cjs/loader.js:1063:30)
                    at Object.Module._extensions..js (internal/modules/cjs/loader.js:1092:10)
                    at Module.load (internal/modules/cjs/loader.js:928:32)
                    at Function.Module._load (internal/modules/cjs/loader.js:769:14)</stack-trace>
            </failure>
        </test-case>
        <test-case start='1607927213028' status='failed' stop='1607927213066'>
            <name> Checking the  hiring required is clickable</name>
            <title> Checking the  hiring required is clickable</title>
            <labels/>
            <parameters/>
            <steps/>
            <attachments/>
            <failure>
                <message>Failed: no such window: target window already closed
                from unknown error: web view not found
                  (Session info: chrome=87.0.4280.66)
                  (Driver info: chromedriver=87.0.4280.20 (c99e81631faa0b2a448e658c0dbd8311fb04ddbd-refs/branch-heads/4280@{#355}),platform=Linux 5.4.0-53-generic x86_64)</message>
                <stack-trace>NoSuchWindowError: no such window: target window already closed
                from unknown error: web view not found
                  (Session info: chrome=87.0.4280.66)
                  (Driver info: chromedriver=87.0.4280.20 (c99e81631faa0b2a448e658c0dbd8311fb04ddbd-refs/branch-heads/4280@{#355}),platform=Linux 5.4.0-53-generic x86_64)
                    at Object.checkLegacyResponse (/usr/local/share/.config/yarn/global/node_modules/selenium-webdriver/lib/error.js:546:15)
                    at parseHttpResponse (/usr/local/share/.config/yarn/global/node_modules/selenium-webdriver/lib/http.js:509:13)
                    at /usr/local/share/.config/yarn/global/node_modules/selenium-webdriver/lib/http.js:441:30
                    at processTicksAndRejections (internal/process/task_queues.js:93:5)
                From: Task: WebDriver.findElements(By(xpath, //div [@class='sidenav-hamburger']))
                    at Driver.schedule (/usr/local/share/.config/yarn/global/node_modules/selenium-webdriver/lib/webdriver.js:807:17)
                    at Driver.findElements (/usr/local/share/.config/yarn/global/node_modules/selenium-webdriver/lib/webdriver.js:1048:19)
                    at /usr/local/share/.config/yarn/global/node_modules/protractor/built/element.js:159:44
                    at ManagedPromise.invokeCallback_ (/usr/local/share/.config/yarn/global/node_modules/selenium-webdriver/lib/promise.js:1376:14)
                    at TaskQueue.execute_ (/usr/local/share/.config/yarn/global/node_modules/selenium-webdriver/lib/promise.js:3084:14)
                    at TaskQueue.executeNext_ (/usr/local/share/.config/yarn/global/node_modules/selenium-webdriver/lib/promise.js:3067:27)
                    at /usr/local/share/.config/yarn/global/node_modules/selenium-webdriver/lib/promise.js:2927:27
                    at /usr/local/share/.config/yarn/global/node_modules/selenium-webdriver/lib/promise.js:668:7Error
                    at ElementArrayFinder.applyAction_ (/usr/local/share/.config/yarn/global/node_modules/protractor/built/element.js:459:27)
                    at ElementArrayFinder.&lt;computed> [as click] (/usr/local/share/.config/yarn/global/node_modules/protractor/built/element.js:91:29)
                    at ElementFinder.&lt;computed> [as click] (/usr/local/share/.config/yarn/global/node_modules/protractor/built/element.js:831:22)
                    at click_submenu.clicksubmenu (/home/saurabh/Desktop/Saurabh/Way2Automation/Automation/pages/ClickSubmenuitem.js:5:57)
                    at UserContext.&lt;anonymous> (/home/saurabh/Desktop/Saurabh/Way2Automation/Automation/test_spec/Prospect_Module_spec.js:14:26)
                    at /usr/local/share/.config/yarn/global/node_modules/jasminewd2/index.js:112:25
                    at new ManagedPromise (/usr/local/share/.config/yarn/global/node_modules/selenium-webdriver/lib/promise.js:1077:7)
                    at ControlFlow.promise (/usr/local/share/.config/yarn/global/node_modules/selenium-webdriver/lib/promise.js:2505:12)
                    at schedulerExecute (/usr/local/share/.config/yarn/global/node_modules/jasminewd2/index.js:95:18)
                    at TaskQueue.execute_ (/usr/local/share/.config/yarn/global/node_modules/selenium-webdriver/lib/promise.js:3084:14)
                From: Task: Run beforeAll in control flow
                    at UserContext.&lt;anonymous> (/usr/local/share/.config/yarn/global/node_modules/jasminewd2/index.js:94:19)
                    at attempt (/usr/local/share/.config/yarn/global/node_modules/protractor/node_modules/jasmine-core/lib/jasmine-core/jasmine.js:4297:26)
                    at QueueRunner.run (/usr/local/share/.config/yarn/global/node_modules/protractor/node_modules/jasmine-core/lib/jasmine-core/jasmine.js:4217:20)
                    at QueueRunner.execute (/usr/local/share/.config/yarn/global/node_modules/protractor/node_modules/jasmine-core/lib/jasmine-core/jasmine.js:4199:10)
                    at queueRunnerFactory (/usr/local/share/.config/yarn/global/node_modules/protractor/node_modules/jasmine-core/lib/jasmine-core/jasmine.js:909:35)
                    at UserContext.fn (/usr/local/share/.config/yarn/global/node_modules/protractor/node_modules/jasmine-core/lib/jasmine-core/jasmine.js:5325:13)
                    at attempt (/usr/local/share/.config/yarn/global/node_modules/protractor/node_modules/jasmine-core/lib/jasmine-core/jasmine.js:4297:26)
                    at QueueRunner.run (/usr/local/share/.config/yarn/global/node_modules/protractor/node_modules/jasmine-core/lib/jasmine-core/jasmine.js:4217:20)
                    at runNext (/usr/local/share/.config/yarn/global/node_modules/protractor/node_modules/jasmine-core/lib/jasmine-core/jasmine.js:4257:20)
                    at /usr/local/share/.config/yarn/global/node_modules/protractor/node_modules/jasmine-core/lib/jasmine-core/jasmine.js:4264:13
                From asynchronous test: 
                Error
                    at Suite.&lt;anonymous> (/home/saurabh/Desktop/Saurabh/Way2Automation/Automation/test_spec/Prospect_Module_spec.js:13:5)
                    at addSpecsToSuite (/usr/local/share/.config/yarn/global/node_modules/protractor/node_modules/jasmine-core/lib/jasmine-core/jasmine.js:1107:25)
                    at Env.describe (/usr/local/share/.config/yarn/global/node_modules/protractor/node_modules/jasmine-core/lib/jasmine-core/jasmine.js:1074:7)
                    at describe (/usr/local/share/.config/yarn/global/node_modules/protractor/node_modules/jasmine-core/lib/jasmine-core/jasmine.js:4399:18)
                    at Object.&lt;anonymous> (/home/saurabh/Desktop/Saurabh/Way2Automation/Automation/test_spec/Prospect_Module_spec.js:11:1)
                    at Module._compile (internal/modules/cjs/loader.js:1063:30)
                    at Object.Module._extensions..js (internal/modules/cjs/loader.js:1092:10)
                    at Module.load (internal/modules/cjs/loader.js:928:32)
                    at Function.Module._load (internal/modules/cjs/loader.js:769:14)</stack-trace>
            </failure>
        </test-case>
        <test-case start='1607927213066' status='failed' stop='1607927213111'>
            <name> Calculate number of values of hiring status Filter </name>
            <title> Calculate number of values of hiring status Filter </title>
            <labels/>
            <parameters/>
            <steps/>
            <attachments/>
            <failure>
                <message>Failed: no such window: target window already closed
                from unknown error: web view not found
                  (Session info: chrome=87.0.4280.66)
                  (Driver info: chromedriver=87.0.4280.20 (c99e81631faa0b2a448e658c0dbd8311fb04ddbd-refs/branch-heads/4280@{#355}),platform=Linux 5.4.0-53-generic x86_64)</message>
                <stack-trace>NoSuchWindowError: no such window: target window already closed
                from unknown error: web view not found
                  (Session info: chrome=87.0.4280.66)
                  (Driver info: chromedriver=87.0.4280.20 (c99e81631faa0b2a448e658c0dbd8311fb04ddbd-refs/branch-heads/4280@{#355}),platform=Linux 5.4.0-53-generic x86_64)
                    at Object.checkLegacyResponse (/usr/local/share/.config/yarn/global/node_modules/selenium-webdriver/lib/error.js:546:15)
                    at parseHttpResponse (/usr/local/share/.config/yarn/global/node_modules/selenium-webdriver/lib/http.js:509:13)
                    at /usr/local/share/.config/yarn/global/node_modules/selenium-webdriver/lib/http.js:441:30
                    at processTicksAndRejections (internal/process/task_queues.js:93:5)
                From: Task: WebDriver.findElements(By(xpath, //div [@class='sidenav-hamburger']))
                    at Driver.schedule (/usr/local/share/.config/yarn/global/node_modules/selenium-webdriver/lib/webdriver.js:807:17)
                    at Driver.findElements (/usr/local/share/.config/yarn/global/node_modules/selenium-webdriver/lib/webdriver.js:1048:19)
                    at /usr/local/share/.config/yarn/global/node_modules/protractor/built/element.js:159:44
                    at ManagedPromise.invokeCallback_ (/usr/local/share/.config/yarn/global/node_modules/selenium-webdriver/lib/promise.js:1376:14)
                    at TaskQueue.execute_ (/usr/local/share/.config/yarn/global/node_modules/selenium-webdriver/lib/promise.js:3084:14)
                    at TaskQueue.executeNext_ (/usr/local/share/.config/yarn/global/node_modules/selenium-webdriver/lib/promise.js:3067:27)
                    at /usr/local/share/.config/yarn/global/node_modules/selenium-webdriver/lib/promise.js:2927:27
                    at /usr/local/share/.config/yarn/global/node_modules/selenium-webdriver/lib/promise.js:668:7Error
                    at ElementArrayFinder.applyAction_ (/usr/local/share/.config/yarn/global/node_modules/protractor/built/element.js:459:27)
                    at ElementArrayFinder.&lt;computed> [as click] (/usr/local/share/.config/yarn/global/node_modules/protractor/built/element.js:91:29)
                    at ElementFinder.&lt;computed> [as click] (/usr/local/share/.config/yarn/global/node_modules/protractor/built/element.js:831:22)
                    at click_submenu.clicksubmenu (/home/saurabh/Desktop/Saurabh/Way2Automation/Automation/pages/ClickSubmenuitem.js:5:57)
                    at UserContext.&lt;anonymous> (/home/saurabh/Desktop/Saurabh/Way2Automation/Automation/test_spec/Prospect_Module_spec.js:14:26)
                    at /usr/local/share/.config/yarn/global/node_modules/jasminewd2/index.js:112:25
                    at new ManagedPromise (/usr/local/share/.config/yarn/global/node_modules/selenium-webdriver/lib/promise.js:1077:7)
                    at ControlFlow.promise (/usr/local/share/.config/yarn/global/node_modules/selenium-webdriver/lib/promise.js:2505:12)
                    at schedulerExecute (/usr/local/share/.config/yarn/global/node_modules/jasminewd2/index.js:95:18)
                    at TaskQueue.execute_ (/usr/local/share/.config/yarn/global/node_modules/selenium-webdriver/lib/promise.js:3084:14)
                From: Task: Run beforeAll in control flow
                    at UserContext.&lt;anonymous> (/usr/local/share/.config/yarn/global/node_modules/jasminewd2/index.js:94:19)
                    at attempt (/usr/local/share/.config/yarn/global/node_modules/protractor/node_modules/jasmine-core/lib/jasmine-core/jasmine.js:4297:26)
                    at QueueRunner.run (/usr/local/share/.config/yarn/global/node_modules/protractor/node_modules/jasmine-core/lib/jasmine-core/jasmine.js:4217:20)
                    at QueueRunner.execute (/usr/local/share/.config/yarn/global/node_modules/protractor/node_modules/jasmine-core/lib/jasmine-core/jasmine.js:4199:10)
                    at queueRunnerFactory (/usr/local/share/.config/yarn/global/node_modules/protractor/node_modules/jasmine-core/lib/jasmine-core/jasmine.js:909:35)
                    at UserContext.fn (/usr/local/share/.config/yarn/global/node_modules/protractor/node_modules/jasmine-core/lib/jasmine-core/jasmine.js:5325:13)
                    at attempt (/usr/local/share/.config/yarn/global/node_modules/protractor/node_modules/jasmine-core/lib/jasmine-core/jasmine.js:4297:26)
                    at QueueRunner.run (/usr/local/share/.config/yarn/global/node_modules/protractor/node_modules/jasmine-core/lib/jasmine-core/jasmine.js:4217:20)
                    at runNext (/usr/local/share/.config/yarn/global/node_modules/protractor/node_modules/jasmine-core/lib/jasmine-core/jasmine.js:4257:20)
                    at /usr/local/share/.config/yarn/global/node_modules/protractor/node_modules/jasmine-core/lib/jasmine-core/jasmine.js:4264:13
                From asynchronous test: 
                Error
                    at Suite.&lt;anonymous> (/home/saurabh/Desktop/Saurabh/Way2Automation/Automation/test_spec/Prospect_Module_spec.js:13:5)
                    at addSpecsToSuite (/usr/local/share/.config/yarn/global/node_modules/protractor/node_modules/jasmine-core/lib/jasmine-core/jasmine.js:1107:25)
                    at Env.describe (/usr/local/share/.config/yarn/global/node_modules/protractor/node_modules/jasmine-core/lib/jasmine-core/jasmine.js:1074:7)
                    at describe (/usr/local/share/.config/yarn/global/node_modules/protractor/node_modules/jasmine-core/lib/jasmine-core/jasmine.js:4399:18)
                    at Object.&lt;anonymous> (/home/saurabh/Desktop/Saurabh/Way2Automation/Automation/test_spec/Prospect_Module_spec.js:11:1)
                    at Module._compile (internal/modules/cjs/loader.js:1063:30)
                    at Object.Module._extensions..js (internal/modules/cjs/loader.js:1092:10)
                    at Module.load (internal/modules/cjs/loader.js:928:32)
                    at Function.Module._load (internal/modules/cjs/loader.js:769:14)</stack-trace>
            </failure>
        </test-case>
        <test-case start='1607927213111' status='failed' stop='1607927213145'>
            <name>Disable State</name>
            <title>Disable State</title>
            <labels/>
            <parameters/>
            <steps/>
            <attachments/>
            <failure>
                <message>Failed: no such window: target window already closed
                from unknown error: web view not found
                  (Session info: chrome=87.0.4280.66)
                  (Driver info: chromedriver=87.0.4280.20 (c99e81631faa0b2a448e658c0dbd8311fb04ddbd-refs/branch-heads/4280@{#355}),platform=Linux 5.4.0-53-generic x86_64)</message>
                <stack-trace>NoSuchWindowError: no such window: target window already closed
                from unknown error: web view not found
                  (Session info: chrome=87.0.4280.66)
                  (Driver info: chromedriver=87.0.4280.20 (c99e81631faa0b2a448e658c0dbd8311fb04ddbd-refs/branch-heads/4280@{#355}),platform=Linux 5.4.0-53-generic x86_64)
                    at Object.checkLegacyResponse (/usr/local/share/.config/yarn/global/node_modules/selenium-webdriver/lib/error.js:546:15)
                    at parseHttpResponse (/usr/local/share/.config/yarn/global/node_modules/selenium-webdriver/lib/http.js:509:13)
                    at /usr/local/share/.config/yarn/global/node_modules/selenium-webdriver/lib/http.js:441:30
                    at processTicksAndRejections (internal/process/task_queues.js:93:5)
                From: Task: WebDriver.findElements(By(xpath, //div [@class='sidenav-hamburger']))
                    at Driver.schedule (/usr/local/share/.config/yarn/global/node_modules/selenium-webdriver/lib/webdriver.js:807:17)
                    at Driver.findElements (/usr/local/share/.config/yarn/global/node_modules/selenium-webdriver/lib/webdriver.js:1048:19)
                    at /usr/local/share/.config/yarn/global/node_modules/protractor/built/element.js:159:44
                    at ManagedPromise.invokeCallback_ (/usr/local/share/.config/yarn/global/node_modules/selenium-webdriver/lib/promise.js:1376:14)
                    at TaskQueue.execute_ (/usr/local/share/.config/yarn/global/node_modules/selenium-webdriver/lib/promise.js:3084:14)
                    at TaskQueue.executeNext_ (/usr/local/share/.config/yarn/global/node_modules/selenium-webdriver/lib/promise.js:3067:27)
                    at /usr/local/share/.config/yarn/global/node_modules/selenium-webdriver/lib/promise.js:2927:27
                    at /usr/local/share/.config/yarn/global/node_modules/selenium-webdriver/lib/promise.js:668:7Error
                    at ElementArrayFinder.applyAction_ (/usr/local/share/.config/yarn/global/node_modules/protractor/built/element.js:459:27)
                    at ElementArrayFinder.&lt;computed> [as click] (/usr/local/share/.config/yarn/global/node_modules/protractor/built/element.js:91:29)
                    at ElementFinder.&lt;computed> [as click] (/usr/local/share/.config/yarn/global/node_modules/protractor/built/element.js:831:22)
                    at click_submenu.clicksubmenu (/home/saurabh/Desktop/Saurabh/Way2Automation/Automation/pages/ClickSubmenuitem.js:5:57)
                    at UserContext.&lt;anonymous> (/home/saurabh/Desktop/Saurabh/Way2Automation/Automation/test_spec/Prospect_Module_spec.js:14:26)
                    at /usr/local/share/.config/yarn/global/node_modules/jasminewd2/index.js:112:25
                    at new ManagedPromise (/usr/local/share/.config/yarn/global/node_modules/selenium-webdriver/lib/promise.js:1077:7)
                    at ControlFlow.promise (/usr/local/share/.config/yarn/global/node_modules/selenium-webdriver/lib/promise.js:2505:12)
                    at schedulerExecute (/usr/local/share/.config/yarn/global/node_modules/jasminewd2/index.js:95:18)
                    at TaskQueue.execute_ (/usr/local/share/.config/yarn/global/node_modules/selenium-webdriver/lib/promise.js:3084:14)
                From: Task: Run beforeAll in control flow
                    at UserContext.&lt;anonymous> (/usr/local/share/.config/yarn/global/node_modules/jasminewd2/index.js:94:19)
                    at attempt (/usr/local/share/.config/yarn/global/node_modules/protractor/node_modules/jasmine-core/lib/jasmine-core/jasmine.js:4297:26)
                    at QueueRunner.run (/usr/local/share/.config/yarn/global/node_modules/protractor/node_modules/jasmine-core/lib/jasmine-core/jasmine.js:4217:20)
                    at QueueRunner.execute (/usr/local/share/.config/yarn/global/node_modules/protractor/node_modules/jasmine-core/lib/jasmine-core/jasmine.js:4199:10)
                    at queueRunnerFactory (/usr/local/share/.config/yarn/global/node_modules/protractor/node_modules/jasmine-core/lib/jasmine-core/jasmine.js:909:35)
                    at UserContext.fn (/usr/local/share/.config/yarn/global/node_modules/protractor/node_modules/jasmine-core/lib/jasmine-core/jasmine.js:5325:13)
                    at attempt (/usr/local/share/.config/yarn/global/node_modules/protractor/node_modules/jasmine-core/lib/jasmine-core/jasmine.js:4297:26)
                    at QueueRunner.run (/usr/local/share/.config/yarn/global/node_modules/protractor/node_modules/jasmine-core/lib/jasmine-core/jasmine.js:4217:20)
                    at runNext (/usr/local/share/.config/yarn/global/node_modules/protractor/node_modules/jasmine-core/lib/jasmine-core/jasmine.js:4257:20)
                    at /usr/local/share/.config/yarn/global/node_modules/protractor/node_modules/jasmine-core/lib/jasmine-core/jasmine.js:4264:13
                From asynchronous test: 
                Error
                    at Suite.&lt;anonymous> (/home/saurabh/Desktop/Saurabh/Way2Automation/Automation/test_spec/Prospect_Module_spec.js:13:5)
                    at addSpecsToSuite (/usr/local/share/.config/yarn/global/node_modules/protractor/node_modules/jasmine-core/lib/jasmine-core/jasmine.js:1107:25)
                    at Env.describe (/usr/local/share/.config/yarn/global/node_modules/protractor/node_modules/jasmine-core/lib/jasmine-core/jasmine.js:1074:7)
                    at describe (/usr/local/share/.config/yarn/global/node_modules/protractor/node_modules/jasmine-core/lib/jasmine-core/jasmine.js:4399:18)
                    at Object.&lt;anonymous> (/home/saurabh/Desktop/Saurabh/Way2Automation/Automation/test_spec/Prospect_Module_spec.js:11:1)
                    at Module._compile (internal/modules/cjs/loader.js:1063:30)
                    at Object.Module._extensions..js (internal/modules/cjs/loader.js:1092:10)
                    at Module.load (internal/modules/cjs/loader.js:928:32)
                    at Function.Module._load (internal/modules/cjs/loader.js:769:14)</stack-trace>
            </failure>
        </test-case>
        <test-case start='1607927213145' status='failed' stop='1607927213203'>
            <name>Hover Color Change</name>
            <title>Hover Color Change</title>
            <labels/>
            <parameters/>
            <steps/>
            <attachments/>
            <failure>
                <message>Failed: no such window: target window already closed
                from unknown error: web view not found
                  (Session info: chrome=87.0.4280.66)
                  (Driver info: chromedriver=87.0.4280.20 (c99e81631faa0b2a448e658c0dbd8311fb04ddbd-refs/branch-heads/4280@{#355}),platform=Linux 5.4.0-53-generic x86_64)</message>
                <stack-trace>NoSuchWindowError: no such window: target window already closed
                from unknown error: web view not found
                  (Session info: chrome=87.0.4280.66)
                  (Driver info: chromedriver=87.0.4280.20 (c99e81631faa0b2a448e658c0dbd8311fb04ddbd-refs/branch-heads/4280@{#355}),platform=Linux 5.4.0-53-generic x86_64)
                    at Object.checkLegacyResponse (/usr/local/share/.config/yarn/global/node_modules/selenium-webdriver/lib/error.js:546:15)
                    at parseHttpResponse (/usr/local/share/.config/yarn/global/node_modules/selenium-webdriver/lib/http.js:509:13)
                    at /usr/local/share/.config/yarn/global/node_modules/selenium-webdriver/lib/http.js:441:30
                    at processTicksAndRejections (internal/process/task_queues.js:93:5)
                From: Task: WebDriver.findElements(By(xpath, //div [@class='sidenav-hamburger']))
                    at Driver.schedule (/usr/local/share/.config/yarn/global/node_modules/selenium-webdriver/lib/webdriver.js:807:17)
                    at Driver.findElements (/usr/local/share/.config/yarn/global/node_modules/selenium-webdriver/lib/webdriver.js:1048:19)
                    at /usr/local/share/.config/yarn/global/node_modules/protractor/built/element.js:159:44
                    at ManagedPromise.invokeCallback_ (/usr/local/share/.config/yarn/global/node_modules/selenium-webdriver/lib/promise.js:1376:14)
                    at TaskQueue.execute_ (/usr/local/share/.config/yarn/global/node_modules/selenium-webdriver/lib/promise.js:3084:14)
                    at TaskQueue.executeNext_ (/usr/local/share/.config/yarn/global/node_modules/selenium-webdriver/lib/promise.js:3067:27)
                    at /usr/local/share/.config/yarn/global/node_modules/selenium-webdriver/lib/promise.js:2927:27
                    at /usr/local/share/.config/yarn/global/node_modules/selenium-webdriver/lib/promise.js:668:7Error
                    at ElementArrayFinder.applyAction_ (/usr/local/share/.config/yarn/global/node_modules/protractor/built/element.js:459:27)
                    at ElementArrayFinder.&lt;computed> [as click] (/usr/local/share/.config/yarn/global/node_modules/protractor/built/element.js:91:29)
                    at ElementFinder.&lt;computed> [as click] (/usr/local/share/.config/yarn/global/node_modules/protractor/built/element.js:831:22)
                    at click_submenu.clicksubmenu (/home/saurabh/Desktop/Saurabh/Way2Automation/Automation/pages/ClickSubmenuitem.js:5:57)
                    at UserContext.&lt;anonymous> (/home/saurabh/Desktop/Saurabh/Way2Automation/Automation/test_spec/Prospect_Module_spec.js:14:26)
                    at /usr/local/share/.config/yarn/global/node_modules/jasminewd2/index.js:112:25
                    at new ManagedPromise (/usr/local/share/.config/yarn/global/node_modules/selenium-webdriver/lib/promise.js:1077:7)
                    at ControlFlow.promise (/usr/local/share/.config/yarn/global/node_modules/selenium-webdriver/lib/promise.js:2505:12)
                    at schedulerExecute (/usr/local/share/.config/yarn/global/node_modules/jasminewd2/index.js:95:18)
                    at TaskQueue.execute_ (/usr/local/share/.config/yarn/global/node_modules/selenium-webdriver/lib/promise.js:3084:14)
                From: Task: Run beforeAll in control flow
                    at UserContext.&lt;anonymous> (/usr/local/share/.config/yarn/global/node_modules/jasminewd2/index.js:94:19)
                    at attempt (/usr/local/share/.config/yarn/global/node_modules/protractor/node_modules/jasmine-core/lib/jasmine-core/jasmine.js:4297:26)
                    at QueueRunner.run (/usr/local/share/.config/yarn/global/node_modules/protractor/node_modules/jasmine-core/lib/jasmine-core/jasmine.js:4217:20)
                    at QueueRunner.execute (/usr/local/share/.config/yarn/global/node_modules/protractor/node_modules/jasmine-core/lib/jasmine-core/jasmine.js:4199:10)
                    at queueRunnerFactory (/usr/local/share/.config/yarn/global/node_modules/protractor/node_modules/jasmine-core/lib/jasmine-core/jasmine.js:909:35)
                    at UserContext.fn (/usr/local/share/.config/yarn/global/node_modules/protractor/node_modules/jasmine-core/lib/jasmine-core/jasmine.js:5325:13)
                    at attempt (/usr/local/share/.config/yarn/global/node_modules/protractor/node_modules/jasmine-core/lib/jasmine-core/jasmine.js:4297:26)
                    at QueueRunner.run (/usr/local/share/.config/yarn/global/node_modules/protractor/node_modules/jasmine-core/lib/jasmine-core/jasmine.js:4217:20)
                    at runNext (/usr/local/share/.config/yarn/global/node_modules/protractor/node_modules/jasmine-core/lib/jasmine-core/jasmine.js:4257:20)
                    at /usr/local/share/.config/yarn/global/node_modules/protractor/node_modules/jasmine-core/lib/jasmine-core/jasmine.js:4264:13
                From asynchronous test: 
                Error
                    at Suite.&lt;anonymous> (/home/saurabh/Desktop/Saurabh/Way2Automation/Automation/test_spec/Prospect_Module_spec.js:13:5)
                    at addSpecsToSuite (/usr/local/share/.config/yarn/global/node_modules/protractor/node_modules/jasmine-core/lib/jasmine-core/jasmine.js:1107:25)
                    at Env.describe (/usr/local/share/.config/yarn/global/node_modules/protractor/node_modules/jasmine-core/lib/jasmine-core/jasmine.js:1074:7)
                    at describe (/usr/local/share/.config/yarn/global/node_modules/protractor/node_modules/jasmine-core/lib/jasmine-core/jasmine.js:4399:18)
                    at Object.&lt;anonymous> (/home/saurabh/Desktop/Saurabh/Way2Automation/Automation/test_spec/Prospect_Module_spec.js:11:1)
                    at Module._compile (internal/modules/cjs/loader.js:1063:30)
                    at Object.Module._extensions..js (internal/modules/cjs/loader.js:1092:10)
                    at Module.load (internal/modules/cjs/loader.js:928:32)
                    at Function.Module._load (internal/modules/cjs/loader.js:769:14)</stack-trace>
            </failure>
        </test-case>
        <test-case start='1607927213204' status='failed' stop='1607927213239'>
            <name>Clear Button Present or Not</name>
            <title>Clear Button Present or Not</title>
            <labels/>
            <parameters/>
            <steps/>
            <attachments/>
            <failure>
                <message>Failed: no such window: target window already closed
                from unknown error: web view not found
                  (Session info: chrome=87.0.4280.66)
                  (Driver info: chromedriver=87.0.4280.20 (c99e81631faa0b2a448e658c0dbd8311fb04ddbd-refs/branch-heads/4280@{#355}),platform=Linux 5.4.0-53-generic x86_64)</message>
                <stack-trace>NoSuchWindowError: no such window: target window already closed
                from unknown error: web view not found
                  (Session info: chrome=87.0.4280.66)
                  (Driver info: chromedriver=87.0.4280.20 (c99e81631faa0b2a448e658c0dbd8311fb04ddbd-refs/branch-heads/4280@{#355}),platform=Linux 5.4.0-53-generic x86_64)
                    at Object.checkLegacyResponse (/usr/local/share/.config/yarn/global/node_modules/selenium-webdriver/lib/error.js:546:15)
                    at parseHttpResponse (/usr/local/share/.config/yarn/global/node_modules/selenium-webdriver/lib/http.js:509:13)
                    at /usr/local/share/.config/yarn/global/node_modules/selenium-webdriver/lib/http.js:441:30
                    at processTicksAndRejections (internal/process/task_queues.js:93:5)
                From: Task: WebDriver.findElements(By(xpath, //div [@class='sidenav-hamburger']))
                    at Driver.schedule (/usr/local/share/.config/yarn/global/node_modules/selenium-webdriver/lib/webdriver.js:807:17)
                    at Driver.findElements (/usr/local/share/.config/yarn/global/node_modules/selenium-webdriver/lib/webdriver.js:1048:19)
                    at /usr/local/share/.config/yarn/global/node_modules/protractor/built/element.js:159:44
                    at ManagedPromise.invokeCallback_ (/usr/local/share/.config/yarn/global/node_modules/selenium-webdriver/lib/promise.js:1376:14)
                    at TaskQueue.execute_ (/usr/local/share/.config/yarn/global/node_modules/selenium-webdriver/lib/promise.js:3084:14)
                    at TaskQueue.executeNext_ (/usr/local/share/.config/yarn/global/node_modules/selenium-webdriver/lib/promise.js:3067:27)
                    at /usr/local/share/.config/yarn/global/node_modules/selenium-webdriver/lib/promise.js:2927:27
                    at /usr/local/share/.config/yarn/global/node_modules/selenium-webdriver/lib/promise.js:668:7Error
                    at ElementArrayFinder.applyAction_ (/usr/local/share/.config/yarn/global/node_modules/protractor/built/element.js:459:27)
                    at ElementArrayFinder.&lt;computed> [as click] (/usr/local/share/.config/yarn/global/node_modules/protractor/built/element.js:91:29)
                    at ElementFinder.&lt;computed> [as click] (/usr/local/share/.config/yarn/global/node_modules/protractor/built/element.js:831:22)
                    at click_submenu.clicksubmenu (/home/saurabh/Desktop/Saurabh/Way2Automation/Automation/pages/ClickSubmenuitem.js:5:57)
                    at UserContext.&lt;anonymous> (/home/saurabh/Desktop/Saurabh/Way2Automation/Automation/test_spec/Prospect_Module_spec.js:14:26)
                    at /usr/local/share/.config/yarn/global/node_modules/jasminewd2/index.js:112:25
                    at new ManagedPromise (/usr/local/share/.config/yarn/global/node_modules/selenium-webdriver/lib/promise.js:1077:7)
                    at ControlFlow.promise (/usr/local/share/.config/yarn/global/node_modules/selenium-webdriver/lib/promise.js:2505:12)
                    at schedulerExecute (/usr/local/share/.config/yarn/global/node_modules/jasminewd2/index.js:95:18)
                    at TaskQueue.execute_ (/usr/local/share/.config/yarn/global/node_modules/selenium-webdriver/lib/promise.js:3084:14)
                From: Task: Run beforeAll in control flow
                    at UserContext.&lt;anonymous> (/usr/local/share/.config/yarn/global/node_modules/jasminewd2/index.js:94:19)
                    at attempt (/usr/local/share/.config/yarn/global/node_modules/protractor/node_modules/jasmine-core/lib/jasmine-core/jasmine.js:4297:26)
                    at QueueRunner.run (/usr/local/share/.config/yarn/global/node_modules/protractor/node_modules/jasmine-core/lib/jasmine-core/jasmine.js:4217:20)
                    at QueueRunner.execute (/usr/local/share/.config/yarn/global/node_modules/protractor/node_modules/jasmine-core/lib/jasmine-core/jasmine.js:4199:10)
                    at queueRunnerFactory (/usr/local/share/.config/yarn/global/node_modules/protractor/node_modules/jasmine-core/lib/jasmine-core/jasmine.js:909:35)
                    at UserContext.fn (/usr/local/share/.config/yarn/global/node_modules/protractor/node_modules/jasmine-core/lib/jasmine-core/jasmine.js:5325:13)
                    at attempt (/usr/local/share/.config/yarn/global/node_modules/protractor/node_modules/jasmine-core/lib/jasmine-core/jasmine.js:4297:26)
                    at QueueRunner.run (/usr/local/share/.config/yarn/global/node_modules/protractor/node_modules/jasmine-core/lib/jasmine-core/jasmine.js:4217:20)
                    at runNext (/usr/local/share/.config/yarn/global/node_modules/protractor/node_modules/jasmine-core/lib/jasmine-core/jasmine.js:4257:20)
                    at /usr/local/share/.config/yarn/global/node_modules/protractor/node_modules/jasmine-core/lib/jasmine-core/jasmine.js:4264:13
                From asynchronous test: 
                Error
                    at Suite.&lt;anonymous> (/home/saurabh/Desktop/Saurabh/Way2Automation/Automation/test_spec/Prospect_Module_spec.js:13:5)
                    at addSpecsToSuite (/usr/local/share/.config/yarn/global/node_modules/protractor/node_modules/jasmine-core/lib/jasmine-core/jasmine.js:1107:25)
                    at Env.describe (/usr/local/share/.config/yarn/global/node_modules/protractor/node_modules/jasmine-core/lib/jasmine-core/jasmine.js:1074:7)
                    at describe (/usr/local/share/.config/yarn/global/node_modules/protractor/node_modules/jasmine-core/lib/jasmine-core/jasmine.js:4399:18)
                    at Object.&lt;anonymous> (/home/saurabh/Desktop/Saurabh/Way2Automation/Automation/test_spec/Prospect_Module_spec.js:11:1)
                    at Module._compile (internal/modules/cjs/loader.js:1063:30)
                    at Object.Module._extensions..js (internal/modules/cjs/loader.js:1092:10)
                    at Module.load (internal/modules/cjs/loader.js:928:32)
                    at Function.Module._load (internal/modules/cjs/loader.js:769:14)</stack-trace>
            </failure>
        </test-case>
        <test-case start='1607927213239' status='failed' stop='1607927213279'>
            <name>Clear Button is Clickable &amp; only appears when filter criteria is applied</name>
            <title>Clear Button is Clickable &amp; only appears when filter criteria is applied</title>
            <labels/>
            <parameters/>
            <steps/>
            <attachments/>
            <failure>
                <message>Failed: no such window: target window already closed
                from unknown error: web view not found
                  (Session info: chrome=87.0.4280.66)
                  (Driver info: chromedriver=87.0.4280.20 (c99e81631faa0b2a448e658c0dbd8311fb04ddbd-refs/branch-heads/4280@{#355}),platform=Linux 5.4.0-53-generic x86_64)</message>
                <stack-trace>NoSuchWindowError: no such window: target window already closed
                from unknown error: web view not found
                  (Session info: chrome=87.0.4280.66)
                  (Driver info: chromedriver=87.0.4280.20 (c99e81631faa0b2a448e658c0dbd8311fb04ddbd-refs/branch-heads/4280@{#355}),platform=Linux 5.4.0-53-generic x86_64)
                    at Object.checkLegacyResponse (/usr/local/share/.config/yarn/global/node_modules/selenium-webdriver/lib/error.js:546:15)
                    at parseHttpResponse (/usr/local/share/.config/yarn/global/node_modules/selenium-webdriver/lib/http.js:509:13)
                    at /usr/local/share/.config/yarn/global/node_modules/selenium-webdriver/lib/http.js:441:30
                    at processTicksAndRejections (internal/process/task_queues.js:93:5)
                From: Task: WebDriver.findElements(By(xpath, //div [@class='sidenav-hamburger']))
                    at Driver.schedule (/usr/local/share/.config/yarn/global/node_modules/selenium-webdriver/lib/webdriver.js:807:17)
                    at Driver.findElements (/usr/local/share/.config/yarn/global/node_modules/selenium-webdriver/lib/webdriver.js:1048:19)
                    at /usr/local/share/.config/yarn/global/node_modules/protractor/built/element.js:159:44
                    at ManagedPromise.invokeCallback_ (/usr/local/share/.config/yarn/global/node_modules/selenium-webdriver/lib/promise.js:1376:14)
                    at TaskQueue.execute_ (/usr/local/share/.config/yarn/global/node_modules/selenium-webdriver/lib/promise.js:3084:14)
                    at TaskQueue.executeNext_ (/usr/local/share/.config/yarn/global/node_modules/selenium-webdriver/lib/promise.js:3067:27)
                    at /usr/local/share/.config/yarn/global/node_modules/selenium-webdriver/lib/promise.js:2927:27
                    at /usr/local/share/.config/yarn/global/node_modules/selenium-webdriver/lib/promise.js:668:7Error
                    at ElementArrayFinder.applyAction_ (/usr/local/share/.config/yarn/global/node_modules/protractor/built/element.js:459:27)
                    at ElementArrayFinder.&lt;computed> [as click] (/usr/local/share/.config/yarn/global/node_modules/protractor/built/element.js:91:29)
                    at ElementFinder.&lt;computed> [as click] (/usr/local/share/.config/yarn/global/node_modules/protractor/built/element.js:831:22)
                    at click_submenu.clicksubmenu (/home/saurabh/Desktop/Saurabh/Way2Automation/Automation/pages/ClickSubmenuitem.js:5:57)
                    at UserContext.&lt;anonymous> (/home/saurabh/Desktop/Saurabh/Way2Automation/Automation/test_spec/Prospect_Module_spec.js:14:26)
                    at /usr/local/share/.config/yarn/global/node_modules/jasminewd2/index.js:112:25
                    at new ManagedPromise (/usr/local/share/.config/yarn/global/node_modules/selenium-webdriver/lib/promise.js:1077:7)
                    at ControlFlow.promise (/usr/local/share/.config/yarn/global/node_modules/selenium-webdriver/lib/promise.js:2505:12)
                    at schedulerExecute (/usr/local/share/.config/yarn/global/node_modules/jasminewd2/index.js:95:18)
                    at TaskQueue.execute_ (/usr/local/share/.config/yarn/global/node_modules/selenium-webdriver/lib/promise.js:3084:14)
                From: Task: Run beforeAll in control flow
                    at UserContext.&lt;anonymous> (/usr/local/share/.config/yarn/global/node_modules/jasminewd2/index.js:94:19)
                    at attempt (/usr/local/share/.config/yarn/global/node_modules/protractor/node_modules/jasmine-core/lib/jasmine-core/jasmine.js:4297:26)
                    at QueueRunner.run (/usr/local/share/.config/yarn/global/node_modules/protractor/node_modules/jasmine-core/lib/jasmine-core/jasmine.js:4217:20)
                    at QueueRunner.execute (/usr/local/share/.config/yarn/global/node_modules/protractor/node_modules/jasmine-core/lib/jasmine-core/jasmine.js:4199:10)
                    at queueRunnerFactory (/usr/local/share/.config/yarn/global/node_modules/protractor/node_modules/jasmine-core/lib/jasmine-core/jasmine.js:909:35)
                    at UserContext.fn (/usr/local/share/.config/yarn/global/node_modules/protractor/node_modules/jasmine-core/lib/jasmine-core/jasmine.js:5325:13)
                    at attempt (/usr/local/share/.config/yarn/global/node_modules/protractor/node_modules/jasmine-core/lib/jasmine-core/jasmine.js:4297:26)
                    at QueueRunner.run (/usr/local/share/.config/yarn/global/node_modules/protractor/node_modules/jasmine-core/lib/jasmine-core/jasmine.js:4217:20)
                    at runNext (/usr/local/share/.config/yarn/global/node_modules/protractor/node_modules/jasmine-core/lib/jasmine-core/jasmine.js:4257:20)
                    at /usr/local/share/.config/yarn/global/node_modules/protractor/node_modules/jasmine-core/lib/jasmine-core/jasmine.js:4264:13
                From asynchronous test: 
                Error
                    at Suite.&lt;anonymous> (/home/saurabh/Desktop/Saurabh/Way2Automation/Automation/test_spec/Prospect_Module_spec.js:13:5)
                    at addSpecsToSuite (/usr/local/share/.config/yarn/global/node_modules/protractor/node_modules/jasmine-core/lib/jasmine-core/jasmine.js:1107:25)
                    at Env.describe (/usr/local/share/.config/yarn/global/node_modules/protractor/node_modules/jasmine-core/lib/jasmine-core/jasmine.js:1074:7)
                    at describe (/usr/local/share/.config/yarn/global/node_modules/protractor/node_modules/jasmine-core/lib/jasmine-core/jasmine.js:4399:18)
                    at Object.&lt;anonymous> (/home/saurabh/Desktop/Saurabh/Way2Automation/Automation/test_spec/Prospect_Module_spec.js:11:1)
                    at Module._compile (internal/modules/cjs/loader.js:1063:30)
                    at Object.Module._extensions..js (internal/modules/cjs/loader.js:1092:10)
                    at Module.load (internal/modules/cjs/loader.js:928:32)
                    at Function.Module._load (internal/modules/cjs/loader.js:769:14)</stack-trace>
            </failure>
        </test-case>
    </test-cases>
</ns2:test-suite>