<?xml version='1.0'?>
<ns2:test-suite xmlns:ns2='urn:model.allure.qatools.yandex.ru' start='1607927210348' stop='1607927212706'>
    <name>Testing the Allocation Tool -- New Prospect</name>
    <title>Testing the Allocation Tool -- New Prospect</title>
    <test-cases>
        <test-case start='1607927210433' status='failed' stop='1607927210488'>
            <name>Creating the Prospect using the Mandatory elements only</name>
            <title>Creating the Prospect using the Mandatory elements only</title>
            <labels/>
            <parameters/>
            <steps/>
            <attachments/>
            <failure>
                <message>Failed: no such window: target window already closed
                from unknown error: web view not found
                  (Session info: chrome=87.0.4280.66)
                  (Driver info: chromedriver=87.0.4280.20 (c99e81631faa0b2a448e658c0dbd8311fb04ddbd-refs/branch-heads/4280@{#355}),platform=Linux 5.4.0-53-generic x86_64)</message>
                <stack-trace>NoSuchWindowError: no such window: target window already closed
                from unknown error: web view not found
                  (Session info: chrome=87.0.4280.66)
                  (Driver info: chromedriver=87.0.4280.20 (c99e81631faa0b2a448e658c0dbd8311fb04ddbd-refs/branch-heads/4280@{#355}),platform=Linux 5.4.0-53-generic x86_64)
                    at Object.checkLegacyResponse (/usr/local/share/.config/yarn/global/node_modules/selenium-webdriver/lib/error.js:546:15)
                    at parseHttpResponse (/usr/local/share/.config/yarn/global/node_modules/selenium-webdriver/lib/http.js:509:13)
                    at /usr/local/share/.config/yarn/global/node_modules/selenium-webdriver/lib/http.js:441:30
                    at processTicksAndRejections (internal/process/task_queues.js:93:5)
                From: Task: WebDriver.navigate().to(http://dev.zeppl.in/)
                    at Driver.schedule (/usr/local/share/.config/yarn/global/node_modules/selenium-webdriver/lib/webdriver.js:807:17)
                    at Navigation.to (/usr/local/share/.config/yarn/global/node_modules/selenium-webdriver/lib/webdriver.js:1133:25)
                    at Driver.get (/usr/local/share/.config/yarn/global/node_modules/selenium-webdriver/lib/webdriver.js:988:28)
                    at ProtractorBrowser.get (/usr/local/share/.config/yarn/global/node_modules/protractor/built/browser.js:653:32)
                    at ProspectModulefromStart.ProspectModulefromStart (/home/saurabh/Desktop/Saurabh/Way2Automation/Automation/pages/ProspectModulefromStart.js:14:14)
                    at UserContext.&lt;anonymous> (/home/saurabh/Desktop/Saurabh/Way2Automation/Automation/test_spec/Prospect_Module_spec copy.js:14:21)
                    at /usr/local/share/.config/yarn/global/node_modules/jasminewd2/index.js:112:25
                    at new ManagedPromise (/usr/local/share/.config/yarn/global/node_modules/selenium-webdriver/lib/promise.js:1077:7)
                    at ControlFlow.promise (/usr/local/share/.config/yarn/global/node_modules/selenium-webdriver/lib/promise.js:2505:12)
                    at schedulerExecute (/usr/local/share/.config/yarn/global/node_modules/jasminewd2/index.js:95:18)
                From: Task: Run beforeAll in control flow
                    at UserContext.&lt;anonymous> (/usr/local/share/.config/yarn/global/node_modules/jasminewd2/index.js:94:19)
                    at attempt (/usr/local/share/.config/yarn/global/node_modules/protractor/node_modules/jasmine-core/lib/jasmine-core/jasmine.js:4297:26)
                    at QueueRunner.run (/usr/local/share/.config/yarn/global/node_modules/protractor/node_modules/jasmine-core/lib/jasmine-core/jasmine.js:4217:20)
                    at QueueRunner.execute (/usr/local/share/.config/yarn/global/node_modules/protractor/node_modules/jasmine-core/lib/jasmine-core/jasmine.js:4199:10)
                    at queueRunnerFactory (/usr/local/share/.config/yarn/global/node_modules/protractor/node_modules/jasmine-core/lib/jasmine-core/jasmine.js:909:35)
                    at UserContext.fn (/usr/local/share/.config/yarn/global/node_modules/protractor/node_modules/jasmine-core/lib/jasmine-core/jasmine.js:5325:13)
                    at attempt (/usr/local/share/.config/yarn/global/node_modules/protractor/node_modules/jasmine-core/lib/jasmine-core/jasmine.js:4297:26)
                    at QueueRunner.run (/usr/local/share/.config/yarn/global/node_modules/protractor/node_modules/jasmine-core/lib/jasmine-core/jasmine.js:4217:20)
                    at runNext (/usr/local/share/.config/yarn/global/node_modules/protractor/node_modules/jasmine-core/lib/jasmine-core/jasmine.js:4257:20)
                    at /usr/local/share/.config/yarn/global/node_modules/protractor/node_modules/jasmine-core/lib/jasmine-core/jasmine.js:4264:13
                From asynchronous test: 
                Error
                    at Suite.&lt;anonymous> (/home/saurabh/Desktop/Saurabh/Way2Automation/Automation/test_spec/Prospect_Module_spec copy.js:13:5)
                    at addSpecsToSuite (/usr/local/share/.config/yarn/global/node_modules/protractor/node_modules/jasmine-core/lib/jasmine-core/jasmine.js:1107:25)
                    at Env.describe (/usr/local/share/.config/yarn/global/node_modules/protractor/node_modules/jasmine-core/lib/jasmine-core/jasmine.js:1074:7)
                    at describe (/usr/local/share/.config/yarn/global/node_modules/protractor/node_modules/jasmine-core/lib/jasmine-core/jasmine.js:4399:18)
                    at Object.&lt;anonymous> (/home/saurabh/Desktop/Saurabh/Way2Automation/Automation/test_spec/Prospect_Module_spec copy.js:11:1)
                    at Module._compile (internal/modules/cjs/loader.js:1063:30)
                    at Object.Module._extensions..js (internal/modules/cjs/loader.js:1092:10)
                    at Module.load (internal/modules/cjs/loader.js:928:32)
                    at Function.Module._load (internal/modules/cjs/loader.js:769:14)</stack-trace>
            </failure>
        </test-case>
        <test-case start='1607927210488' status='failed' stop='1607927210522'>
            <name>Creating the Prospect using the Mandatory elements only With Team member</name>
            <title>Creating the Prospect using the Mandatory elements only With Team member</title>
            <labels/>
            <parameters/>
            <steps/>
            <attachments/>
            <failure>
                <message>Failed: no such window: target window already closed
                from unknown error: web view not found
                  (Session info: chrome=87.0.4280.66)
                  (Driver info: chromedriver=87.0.4280.20 (c99e81631faa0b2a448e658c0dbd8311fb04ddbd-refs/branch-heads/4280@{#355}),platform=Linux 5.4.0-53-generic x86_64)</message>
                <stack-trace>NoSuchWindowError: no such window: target window already closed
                from unknown error: web view not found
                  (Session info: chrome=87.0.4280.66)
                  (Driver info: chromedriver=87.0.4280.20 (c99e81631faa0b2a448e658c0dbd8311fb04ddbd-refs/branch-heads/4280@{#355}),platform=Linux 5.4.0-53-generic x86_64)
                    at Object.checkLegacyResponse (/usr/local/share/.config/yarn/global/node_modules/selenium-webdriver/lib/error.js:546:15)
                    at parseHttpResponse (/usr/local/share/.config/yarn/global/node_modules/selenium-webdriver/lib/http.js:509:13)
                    at /usr/local/share/.config/yarn/global/node_modules/selenium-webdriver/lib/http.js:441:30
                    at processTicksAndRejections (internal/process/task_queues.js:93:5)
                From: Task: WebDriver.navigate().to(http://dev.zeppl.in/)
                    at Driver.schedule (/usr/local/share/.config/yarn/global/node_modules/selenium-webdriver/lib/webdriver.js:807:17)
                    at Navigation.to (/usr/local/share/.config/yarn/global/node_modules/selenium-webdriver/lib/webdriver.js:1133:25)
                    at Driver.get (/usr/local/share/.config/yarn/global/node_modules/selenium-webdriver/lib/webdriver.js:988:28)
                    at ProtractorBrowser.get (/usr/local/share/.config/yarn/global/node_modules/protractor/built/browser.js:653:32)
                    at ProspectModulefromStart.ProspectModulefromStart (/home/saurabh/Desktop/Saurabh/Way2Automation/Automation/pages/ProspectModulefromStart.js:14:14)
                    at UserContext.&lt;anonymous> (/home/saurabh/Desktop/Saurabh/Way2Automation/Automation/test_spec/Prospect_Module_spec copy.js:14:21)
                    at /usr/local/share/.config/yarn/global/node_modules/jasminewd2/index.js:112:25
                    at new ManagedPromise (/usr/local/share/.config/yarn/global/node_modules/selenium-webdriver/lib/promise.js:1077:7)
                    at ControlFlow.promise (/usr/local/share/.config/yarn/global/node_modules/selenium-webdriver/lib/promise.js:2505:12)
                    at schedulerExecute (/usr/local/share/.config/yarn/global/node_modules/jasminewd2/index.js:95:18)
                From: Task: Run beforeAll in control flow
                    at UserContext.&lt;anonymous> (/usr/local/share/.config/yarn/global/node_modules/jasminewd2/index.js:94:19)
                    at attempt (/usr/local/share/.config/yarn/global/node_modules/protractor/node_modules/jasmine-core/lib/jasmine-core/jasmine.js:4297:26)
                    at QueueRunner.run (/usr/local/share/.config/yarn/global/node_modules/protractor/node_modules/jasmine-core/lib/jasmine-core/jasmine.js:4217:20)
                    at QueueRunner.execute (/usr/local/share/.config/yarn/global/node_modules/protractor/node_modules/jasmine-core/lib/jasmine-core/jasmine.js:4199:10)
                    at queueRunnerFactory (/usr/local/share/.config/yarn/global/node_modules/protractor/node_modules/jasmine-core/lib/jasmine-core/jasmine.js:909:35)
                    at UserContext.fn (/usr/local/share/.config/yarn/global/node_modules/protractor/node_modules/jasmine-core/lib/jasmine-core/jasmine.js:5325:13)
                    at attempt (/usr/local/share/.config/yarn/global/node_modules/protractor/node_modules/jasmine-core/lib/jasmine-core/jasmine.js:4297:26)
                    at QueueRunner.run (/usr/local/share/.config/yarn/global/node_modules/protractor/node_modules/jasmine-core/lib/jasmine-core/jasmine.js:4217:20)
                    at runNext (/usr/local/share/.config/yarn/global/node_modules/protractor/node_modules/jasmine-core/lib/jasmine-core/jasmine.js:4257:20)
                    at /usr/local/share/.config/yarn/global/node_modules/protractor/node_modules/jasmine-core/lib/jasmine-core/jasmine.js:4264:13
                From asynchronous test: 
                Error
                    at Suite.&lt;anonymous> (/home/saurabh/Desktop/Saurabh/Way2Automation/Automation/test_spec/Prospect_Module_spec copy.js:13:5)
                    at addSpecsToSuite (/usr/local/share/.config/yarn/global/node_modules/protractor/node_modules/jasmine-core/lib/jasmine-core/jasmine.js:1107:25)
                    at Env.describe (/usr/local/share/.config/yarn/global/node_modules/protractor/node_modules/jasmine-core/lib/jasmine-core/jasmine.js:1074:7)
                    at describe (/usr/local/share/.config/yarn/global/node_modules/protractor/node_modules/jasmine-core/lib/jasmine-core/jasmine.js:4399:18)
                    at Object.&lt;anonymous> (/home/saurabh/Desktop/Saurabh/Way2Automation/Automation/test_spec/Prospect_Module_spec copy.js:11:1)
                    at Module._compile (internal/modules/cjs/loader.js:1063:30)
                    at Object.Module._extensions..js (internal/modules/cjs/loader.js:1092:10)
                    at Module.load (internal/modules/cjs/loader.js:928:32)
                    at Function.Module._load (internal/modules/cjs/loader.js:769:14)</stack-trace>
            </failure>
        </test-case>
        <test-case start='1607927210522' status='failed' stop='1607927210648'>
            <name>Creating the Prospect using the Mandatory elements only With multiple Team members</name>
            <title>Creating the Prospect using the Mandatory elements only With multiple Team members</title>
            <labels/>
            <parameters/>
            <steps/>
            <attachments/>
            <failure>
                <message>Failed: no such window: target window already closed
                from unknown error: web view not found
                  (Session info: chrome=87.0.4280.66)
                  (Driver info: chromedriver=87.0.4280.20 (c99e81631faa0b2a448e658c0dbd8311fb04ddbd-refs/branch-heads/4280@{#355}),platform=Linux 5.4.0-53-generic x86_64)</message>
                <stack-trace>NoSuchWindowError: no such window: target window already closed
                from unknown error: web view not found
                  (Session info: chrome=87.0.4280.66)
                  (Driver info: chromedriver=87.0.4280.20 (c99e81631faa0b2a448e658c0dbd8311fb04ddbd-refs/branch-heads/4280@{#355}),platform=Linux 5.4.0-53-generic x86_64)
                    at Object.checkLegacyResponse (/usr/local/share/.config/yarn/global/node_modules/selenium-webdriver/lib/error.js:546:15)
                    at parseHttpResponse (/usr/local/share/.config/yarn/global/node_modules/selenium-webdriver/lib/http.js:509:13)
                    at /usr/local/share/.config/yarn/global/node_modules/selenium-webdriver/lib/http.js:441:30
                    at processTicksAndRejections (internal/process/task_queues.js:93:5)
                From: Task: WebDriver.navigate().to(http://dev.zeppl.in/)
                    at Driver.schedule (/usr/local/share/.config/yarn/global/node_modules/selenium-webdriver/lib/webdriver.js:807:17)
                    at Navigation.to (/usr/local/share/.config/yarn/global/node_modules/selenium-webdriver/lib/webdriver.js:1133:25)
                    at Driver.get (/usr/local/share/.config/yarn/global/node_modules/selenium-webdriver/lib/webdriver.js:988:28)
                    at ProtractorBrowser.get (/usr/local/share/.config/yarn/global/node_modules/protractor/built/browser.js:653:32)
                    at ProspectModulefromStart.ProspectModulefromStart (/home/saurabh/Desktop/Saurabh/Way2Automation/Automation/pages/ProspectModulefromStart.js:14:14)
                    at UserContext.&lt;anonymous> (/home/saurabh/Desktop/Saurabh/Way2Automation/Automation/test_spec/Prospect_Module_spec copy.js:14:21)
                    at /usr/local/share/.config/yarn/global/node_modules/jasminewd2/index.js:112:25
                    at new ManagedPromise (/usr/local/share/.config/yarn/global/node_modules/selenium-webdriver/lib/promise.js:1077:7)
                    at ControlFlow.promise (/usr/local/share/.config/yarn/global/node_modules/selenium-webdriver/lib/promise.js:2505:12)
                    at schedulerExecute (/usr/local/share/.config/yarn/global/node_modules/jasminewd2/index.js:95:18)
                From: Task: Run beforeAll in control flow
                    at UserContext.&lt;anonymous> (/usr/local/share/.config/yarn/global/node_modules/jasminewd2/index.js:94:19)
                    at attempt (/usr/local/share/.config/yarn/global/node_modules/protractor/node_modules/jasmine-core/lib/jasmine-core/jasmine.js:4297:26)
                    at QueueRunner.run (/usr/local/share/.config/yarn/global/node_modules/protractor/node_modules/jasmine-core/lib/jasmine-core/jasmine.js:4217:20)
                    at QueueRunner.execute (/usr/local/share/.config/yarn/global/node_modules/protractor/node_modules/jasmine-core/lib/jasmine-core/jasmine.js:4199:10)
                    at queueRunnerFactory (/usr/local/share/.config/yarn/global/node_modules/protractor/node_modules/jasmine-core/lib/jasmine-core/jasmine.js:909:35)
                    at UserContext.fn (/usr/local/share/.config/yarn/global/node_modules/protractor/node_modules/jasmine-core/lib/jasmine-core/jasmine.js:5325:13)
                    at attempt (/usr/local/share/.config/yarn/global/node_modules/protractor/node_modules/jasmine-core/lib/jasmine-core/jasmine.js:4297:26)
                    at QueueRunner.run (/usr/local/share/.config/yarn/global/node_modules/protractor/node_modules/jasmine-core/lib/jasmine-core/jasmine.js:4217:20)
                    at runNext (/usr/local/share/.config/yarn/global/node_modules/protractor/node_modules/jasmine-core/lib/jasmine-core/jasmine.js:4257:20)
                    at /usr/local/share/.config/yarn/global/node_modules/protractor/node_modules/jasmine-core/lib/jasmine-core/jasmine.js:4264:13
                From asynchronous test: 
                Error
                    at Suite.&lt;anonymous> (/home/saurabh/Desktop/Saurabh/Way2Automation/Automation/test_spec/Prospect_Module_spec copy.js:13:5)
                    at addSpecsToSuite (/usr/local/share/.config/yarn/global/node_modules/protractor/node_modules/jasmine-core/lib/jasmine-core/jasmine.js:1107:25)
                    at Env.describe (/usr/local/share/.config/yarn/global/node_modules/protractor/node_modules/jasmine-core/lib/jasmine-core/jasmine.js:1074:7)
                    at describe (/usr/local/share/.config/yarn/global/node_modules/protractor/node_modules/jasmine-core/lib/jasmine-core/jasmine.js:4399:18)
                    at Object.&lt;anonymous> (/home/saurabh/Desktop/Saurabh/Way2Automation/Automation/test_spec/Prospect_Module_spec copy.js:11:1)
                    at Module._compile (internal/modules/cjs/loader.js:1063:30)
                    at Object.Module._extensions..js (internal/modules/cjs/loader.js:1092:10)
                    at Module.load (internal/modules/cjs/loader.js:928:32)
                    at Function.Module._load (internal/modules/cjs/loader.js:769:14)</stack-trace>
            </failure>
        </test-case>
        <test-case start='1607927210649' status='failed' stop='1607927212704'>
            <name>Testing the Prospect page--> Accordion should be clickable</name>
            <title>Testing the Prospect page--> Accordion should be clickable</title>
            <labels/>
            <parameters/>
            <steps/>
            <attachments/>
            <failure>
                <message>Failed: no such window: target window already closed
                from unknown error: web view not found
                  (Session info: chrome=87.0.4280.66)
                  (Driver info: chromedriver=87.0.4280.20 (c99e81631faa0b2a448e658c0dbd8311fb04ddbd-refs/branch-heads/4280@{#355}),platform=Linux 5.4.0-53-generic x86_64)</message>
                <stack-trace>NoSuchWindowError: no such window: target window already closed
                from unknown error: web view not found
                  (Session info: chrome=87.0.4280.66)
                  (Driver info: chromedriver=87.0.4280.20 (c99e81631faa0b2a448e658c0dbd8311fb04ddbd-refs/branch-heads/4280@{#355}),platform=Linux 5.4.0-53-generic x86_64)
                    at Object.checkLegacyResponse (/usr/local/share/.config/yarn/global/node_modules/selenium-webdriver/lib/error.js:546:15)
                    at parseHttpResponse (/usr/local/share/.config/yarn/global/node_modules/selenium-webdriver/lib/http.js:509:13)
                    at /usr/local/share/.config/yarn/global/node_modules/selenium-webdriver/lib/http.js:441:30
                    at processTicksAndRejections (internal/process/task_queues.js:93:5)
                From: Task: WebDriver.navigate().to(http://dev.zeppl.in/)
                    at Driver.schedule (/usr/local/share/.config/yarn/global/node_modules/selenium-webdriver/lib/webdriver.js:807:17)
                    at Navigation.to (/usr/local/share/.config/yarn/global/node_modules/selenium-webdriver/lib/webdriver.js:1133:25)
                    at Driver.get (/usr/local/share/.config/yarn/global/node_modules/selenium-webdriver/lib/webdriver.js:988:28)
                    at ProtractorBrowser.get (/usr/local/share/.config/yarn/global/node_modules/protractor/built/browser.js:653:32)
                    at ProspectModulefromStart.ProspectModulefromStart (/home/saurabh/Desktop/Saurabh/Way2Automation/Automation/pages/ProspectModulefromStart.js:14:14)
                    at UserContext.&lt;anonymous> (/home/saurabh/Desktop/Saurabh/Way2Automation/Automation/test_spec/Prospect_Module_spec copy.js:14:21)
                    at /usr/local/share/.config/yarn/global/node_modules/jasminewd2/index.js:112:25
                    at new ManagedPromise (/usr/local/share/.config/yarn/global/node_modules/selenium-webdriver/lib/promise.js:1077:7)
                    at ControlFlow.promise (/usr/local/share/.config/yarn/global/node_modules/selenium-webdriver/lib/promise.js:2505:12)
                    at schedulerExecute (/usr/local/share/.config/yarn/global/node_modules/jasminewd2/index.js:95:18)
                From: Task: Run beforeAll in control flow
                    at UserContext.&lt;anonymous> (/usr/local/share/.config/yarn/global/node_modules/jasminewd2/index.js:94:19)
                    at attempt (/usr/local/share/.config/yarn/global/node_modules/protractor/node_modules/jasmine-core/lib/jasmine-core/jasmine.js:4297:26)
                    at QueueRunner.run (/usr/local/share/.config/yarn/global/node_modules/protractor/node_modules/jasmine-core/lib/jasmine-core/jasmine.js:4217:20)
                    at QueueRunner.execute (/usr/local/share/.config/yarn/global/node_modules/protractor/node_modules/jasmine-core/lib/jasmine-core/jasmine.js:4199:10)
                    at queueRunnerFactory (/usr/local/share/.config/yarn/global/node_modules/protractor/node_modules/jasmine-core/lib/jasmine-core/jasmine.js:909:35)
                    at UserContext.fn (/usr/local/share/.config/yarn/global/node_modules/protractor/node_modules/jasmine-core/lib/jasmine-core/jasmine.js:5325:13)
                    at attempt (/usr/local/share/.config/yarn/global/node_modules/protractor/node_modules/jasmine-core/lib/jasmine-core/jasmine.js:4297:26)
                    at QueueRunner.run (/usr/local/share/.config/yarn/global/node_modules/protractor/node_modules/jasmine-core/lib/jasmine-core/jasmine.js:4217:20)
                    at runNext (/usr/local/share/.config/yarn/global/node_modules/protractor/node_modules/jasmine-core/lib/jasmine-core/jasmine.js:4257:20)
                    at /usr/local/share/.config/yarn/global/node_modules/protractor/node_modules/jasmine-core/lib/jasmine-core/jasmine.js:4264:13
                From asynchronous test: 
                Error
                    at Suite.&lt;anonymous> (/home/saurabh/Desktop/Saurabh/Way2Automation/Automation/test_spec/Prospect_Module_spec copy.js:13:5)
                    at addSpecsToSuite (/usr/local/share/.config/yarn/global/node_modules/protractor/node_modules/jasmine-core/lib/jasmine-core/jasmine.js:1107:25)
                    at Env.describe (/usr/local/share/.config/yarn/global/node_modules/protractor/node_modules/jasmine-core/lib/jasmine-core/jasmine.js:1074:7)
                    at describe (/usr/local/share/.config/yarn/global/node_modules/protractor/node_modules/jasmine-core/lib/jasmine-core/jasmine.js:4399:18)
                    at Object.&lt;anonymous> (/home/saurabh/Desktop/Saurabh/Way2Automation/Automation/test_spec/Prospect_Module_spec copy.js:11:1)
                    at Module._compile (internal/modules/cjs/loader.js:1063:30)
                    at Object.Module._extensions..js (internal/modules/cjs/loader.js:1092:10)
                    at Module.load (internal/modules/cjs/loader.js:928:32)
                    at Function.Module._load (internal/modules/cjs/loader.js:769:14)</stack-trace>
            </failure>
        </test-case>
    </test-cases>
</ns2:test-suite>